# JRE version: Java(TM) SE Runtime Environment (8.0_181-b13) (build 1.8.0_181-b13)
# Java VM: Java HotSpot(TM) 64-Bit Server VM (25.181-b13 mixed mode windows-amd64 compressed oops)
Heap:
 PSYoungGen      total 143872K, used 22033K [0x00000000d5580000, 0x00000000e2380000, 0x0000000100000000)
  eden space 132608K, 8% used [0x00000000d5580000,0x00000000d60c3cb0,0x00000000dd700000)
  from space 11264K, 93% used [0x00000000dd700000,0x00000000de140970,0x00000000de200000)
  to   space 12288K, 0% used [0x00000000e1780000,0x00000000e1780000,0x00000000e2380000)
 ParOldGen       total 70656K, used 14498K [0x0000000080000000, 0x0000000084500000, 0x00000000d5580000)
  object space 70656K, 20% used [0x0000000080000000,0x0000000080e28aa0,0x0000000084500000)
 Metaspace       used 29321K, capacity 30354K, committed 30464K, reserved 1075200K
  class space    used 3547K, capacity 3833K, committed 3840K, reserved 1048576K
GC Heap History (10 events):
Event: 2.242 GC heap before
{Heap before GC invocations=4 (full 0):
 PSYoungGen      total 38400K, used 38398K [0x00000000d5580000, 0x00000000da080000, 0x0000000100000000)
  eden space 33280K, 100% used [0x00000000d5580000,0x00000000d7600000,0x00000000d7600000)
  from space 5120K, 99% used [0x00000000d7600000,0x00000000d7aff838,0x00000000d7b00000)
  to   space 5120K, 0% used [0x00000000d9b80000,0x00000000d9b80000,0x00000000da080000)
 ParOldGen       total 87552K, used 1339K [0x0000000080000000, 0x0000000085580000, 0x00000000d5580000)
  object space 87552K, 1% used [0x0000000080000000,0x000000008014ef80,0x0000000085580000)
 Metaspace       used 17055K, capacity 17206K, committed 17408K, reserved 1064960K
  class space    used 1909K, capacity 1963K, committed 2048K, reserved 1048576K
Event: 2.250 GC heap after
Heap after GC invocations=4 (full 0):
 PSYoungGen      total 71680K, used 5109K [0x00000000d5580000, 0x00000000da080000, 0x0000000100000000)
  eden space 66560K, 0% used [0x00000000d5580000,0x00000000d5580000,0x00000000d9680000)
  from space 5120K, 99% used [0x00000000d9b80000,0x00000000da07d788,0x00000000da080000)
  to   space 5120K, 0% used [0x00000000d9680000,0x00000000d9680000,0x00000000d9b80000)
 ParOldGen       total 87552K, used 4328K [0x0000000080000000, 0x0000000085580000, 0x00000000d5580000)
  object space 87552K, 4% used [0x0000000080000000,0x000000008043a1f8,0x0000000085580000)
 Metaspace       used 17055K, capacity 17206K, committed 17408K, reserved 1064960K
  class space    used 1909K, capacity 1963K, committed 2048K, reserved 1048576K
}
Event: 3.301 GC heap before
{Heap before GC invocations=5 (full 0):
 PSYoungGen      total 71680K, used 71669K [0x00000000d5580000, 0x00000000da080000, 0x0000000100000000)
  eden space 66560K, 100% used [0x00000000d5580000,0x00000000d9680000,0x00000000d9680000)
  from space 5120K, 99% used [0x00000000d9b80000,0x00000000da07d788,0x00000000da080000)
  to   space 5120K, 0% used [0x00000000d9680000,0x00000000d9680000,0x00000000d9b80000)
 ParOldGen       total 87552K, used 4328K [0x0000000080000000, 0x0000000085580000, 0x00000000d5580000)
  object space 87552K, 4% used [0x0000000080000000,0x000000008043a1f8,0x0000000085580000)
 Metaspace       used 20330K, capacity 20586K, committed 20864K, reserved 1067008K
  class space    used 2263K, capacity 2364K, committed 2432K, reserved 1048576K
Event: 3.323 GC heap after
Heap after GC invocations=5 (full 0):
 PSYoungGen      total 71680K, used 5092K [0x00000000d5580000, 0x00000000dec80000, 0x0000000100000000)
  eden space 66560K, 0% used [0x00000000d5580000,0x00000000d5580000,0x00000000d9680000)
  from space 5120K, 99% used [0x00000000d9680000,0x00000000d9b79178,0x00000000d9b80000)
  to   space 10752K, 0% used [0x00000000de200000,0x00000000de200000,0x00000000dec80000)
 ParOldGen       total 87552K, used 9033K [0x0000000080000000, 0x0000000085580000, 0x00000000d5580000)
  object space 87552K, 10% used [0x0000000080000000,0x00000000808d2720,0x0000000085580000)
 Metaspace       used 20330K, capacity 20586K, committed 20864K, reserved 1067008K
  class space    used 2263K, capacity 2364K, committed 2432K, reserved 1048576K
}
Event: 3.700 GC heap before
{Heap before GC invocations=6 (full 0):
 PSYoungGen      total 71680K, used 43232K [0x00000000d5580000, 0x00000000dec80000, 0x0000000100000000)
  eden space 66560K, 57% used [0x00000000d5580000,0x00000000d7abf210,0x00000000d9680000)
  from space 5120K, 99% used [0x00000000d9680000,0x00000000d9b79178,0x00000000d9b80000)
  to   space 10752K, 0% used [0x00000000de200000,0x00000000de200000,0x00000000dec80000)
 ParOldGen       total 87552K, used 9033K [0x0000000080000000, 0x0000000085580000, 0x00000000d5580000)
  object space 87552K, 10% used [0x0000000080000000,0x00000000808d2720,0x0000000085580000)
 Metaspace       used 20785K, capacity 21090K, committed 21296K, reserved 1069056K
  class space    used 2310K, capacity 2404K, committed 2432K, reserved 1048576K
Event: 3.714 GC heap after
Heap after GC invocations=6 (full 0):
 PSYoungGen      total 143360K, used 8972K [0x00000000d5580000, 0x00000000ded80000, 0x0000000100000000)
  eden space 132608K, 0% used [0x00000000d5580000,0x00000000d5580000,0x00000000dd700000)
  from space 10752K, 83% used [0x00000000de200000,0x00000000deac3228,0x00000000dec80000)
  to   space 11264K, 0% used [0x00000000dd700000,0x00000000dd700000,0x00000000de200000)
 ParOldGen       total 87552K, used 9033K [0x0000000080000000, 0x0000000085580000, 0x00000000d5580000)
  object space 87552K, 10% used [0x0000000080000000,0x00000000808d2720,0x0000000085580000)
 Metaspace       used 20785K, capacity 21090K, committed 21296K, reserved 1069056K
  class space    used 2310K, capacity 2404K, committed 2432K, reserved 1048576K
}
Event: 3.714 GC heap before
{Heap before GC invocations=7 (full 1):
 PSYoungGen      total 143360K, used 8972K [0x00000000d5580000, 0x00000000ded80000, 0x0000000100000000)
  eden space 132608K, 0% used [0x00000000d5580000,0x00000000d5580000,0x00000000dd700000)
  from space 10752K, 83% used [0x00000000de200000,0x00000000deac3228,0x00000000dec80000)
  to   space 11264K, 0% used [0x00000000dd700000,0x00000000dd700000,0x00000000de200000)
 ParOldGen       total 87552K, used 9033K [0x0000000080000000, 0x0000000085580000, 0x00000000d5580000)
  object space 87552K, 10% used [0x0000000080000000,0x00000000808d2720,0x0000000085580000)
 Metaspace       used 20785K, capacity 21090K, committed 21296K, reserved 1069056K
  class space    used 2310K, capacity 2404K, committed 2432K, reserved 1048576K
Event: 3.799 GC heap after
Heap after GC invocations=7 (full 1):
 PSYoungGen      total 143360K, used 0K [0x00000000d5580000, 0x00000000ded80000, 0x0000000100000000)
  eden space 132608K, 0% used [0x00000000d5580000,0x00000000d5580000,0x00000000dd700000)
  from space 10752K, 0% used [0x00000000de200000,0x00000000de200000,0x00000000dec80000)
  to   space 11264K, 0% used [0x00000000dd700000,0x00000000dd700000,0x00000000de200000)
 ParOldGen       total 70656K, used 14490K [0x0000000080000000, 0x0000000084500000, 0x00000000d5580000)
  object space 70656K, 20% used [0x0000000080000000,0x0000000080e26aa0,0x0000000084500000)
 Metaspace       used 20785K, capacity 21090K, committed 21296K, reserved 1069056K
  class space    used 2310K, capacity 2404K, committed 2432K, reserved 1048576K
}
Event: 157.940 GC heap before
{Heap before GC invocations=8 (full 1):
 PSYoungGen      total 143360K, used 132608K [0x00000000d5580000, 0x00000000ded80000, 0x0000000100000000)
  eden space 132608K, 100% used [0x00000000d5580000,0x00000000dd700000,0x00000000dd700000)
  from space 10752K, 0% used [0x00000000de200000,0x00000000de200000,0x00000000dec80000)
  to   space 11264K, 0% used [0x00000000dd700000,0x00000000dd700000,0x00000000de200000)
 ParOldGen       total 70656K, used 14490K [0x0000000080000000, 0x0000000084500000, 0x00000000d5580000)
  object space 70656K, 20% used [0x0000000080000000,0x0000000080e26aa0,0x0000000084500000)
 Metaspace       used 29169K, capacity 30108K, committed 30208K, reserved 1075200K
  class space    used 3533K, capacity 3797K, committed 3840K, reserved 1048576K
Event: 157.954 GC heap after
Heap after GC invocations=8 (full 1):
 PSYoungGen      total 143872K, used 10498K [0x00000000d5580000, 0x00000000e2380000, 0x0000000100000000)
  eden space 132608K, 0% used [0x00000000d5580000,0x00000000d5580000,0x00000000dd700000)
  from space 11264K, 93% used [0x00000000dd700000,0x00000000de140970,0x00000000de200000)
  to   space 12288K, 0% used [0x00000000e1780000,0x00000000e1780000,0x00000000e2380000)
 ParOldGen       total 70656K, used 14498K [0x0000000080000000, 0x0000000084500000, 0x00000000d5580000)
  object space 70656K, 20% used [0x0000000080000000,0x0000000080e28aa0,0x0000000084500000)
 Metaspace       used 29169K, capacity 30108K, committed 30208K, reserved 1075200K
  class space    used 3533K, capacity 3797K, committed 3840K, reserved 1048576K
}

