<?xml version="1.0" encoding="UTF-8"?>
<testsuites name="SanityTest" time="1490.399" tests="20" failures="14" errors="0">
   <testsuite name="SanityTest" tests="20" failures="14" errors="0" time="1490.399" timestamp="2020-10-01 17:04:13" hostname="hp - Adnan" id="Test Suites/SanityTests/SanityTest">
      <properties>
[...]
</properties>
      <testcase name="Test Cases/Sanity Tests/Buy_ Wallet_AddMyAccount_EUR_44" time="129.36" classname="Test Cases/Sanity Tests/Buy_ Wallet_AddMyAccount_EUR_44" status="PASSED">
         <system-out><![CDATA[2020-10-01 17:04:14 - [TEST_CASE][PASSED] - Test Cases/Sanity Tests/Buy_ Wallet_AddMyAccount_EUR_44: Test Cases/Sanity Tests/Buy_ Wallet_AddMyAccount_EUR_44

2020-10-01 17:04:16 - [TEST_STEP][PASSED] - openBrowser(""): Browser is opened with url: ''

2020-10-01 17:04:18 - [MESSAGE][INFO] - Starting 'Chrome' driver

2020-10-01 17:04:18 - [MESSAGE][INFO] - Action delay is set to 0 milliseconds

2020-10-01 17:04:26 - [MESSAGE][PASSED] - Browser is opened with url: ''

2020-10-01 17:04:26 - [TEST_STEP][PASSED] - navigateToUrl(Url): Navigate to 'http://chiragh:AeBcm%231t@test.chiragh.com' successfully

2020-10-01 17:04:36 - [MESSAGE][PASSED] - Navigate to 'http://chiragh:AeBcm%231t@test.chiragh.com' successfully

2020-10-01 17:04:36 - [TEST_STEP][PASSED] - waitForPageLoad(15): Wait for page load successfully

2020-10-01 17:04:49 - [MESSAGE][PASSED] - Wait for page load successfully

2020-10-01 17:04:49 - [TEST_STEP][PASSED] - maximizeWindow(): Current window maximized

2020-10-01 17:04:52 - [MESSAGE][PASSED] - Current window maximized

2020-10-01 17:04:52 - [TEST_STEP][PASSED] - delay(3): Delayed 3 second(s)

2020-10-01 17:04:55 - [MESSAGE][PASSED] - Delayed 3 second(s)

2020-10-01 17:04:55 - [TEST_STEP][PASSED] - click(findTestObject("Object Repository/Front End Objects/MyBankAccount(Create)/Page_Chiragh - Home/a_ENG_dropdownMenuLink")): Object: 'Object Repository/Front End Objects/MyBankAccount(Create)/Page_Chiragh - Home/a_ENG_dropdownMenuLink' is clicked on

2020-10-01 17:04:56 - [MESSAGE][PASSED] - Object: 'Object Repository/Front End Objects/MyBankAccount(Create)/Page_Chiragh - Home/a_ENG_dropdownMenuLink' is clicked on

2020-10-01 17:04:56 - [TEST_STEP][PASSED] - click(findTestObject("Object Repository/Front End Objects/MyBankAccount(Create)/Page_Chiragh - Home/a_Login")): Object: 'Object Repository/Front End Objects/MyBankAccount(Create)/Page_Chiragh - Home/a_Login' is clicked on

2020-10-01 17:04:57 - [MESSAGE][PASSED] - Object: 'Object Repository/Front End Objects/MyBankAccount(Create)/Page_Chiragh - Home/a_Login' is clicked on

2020-10-01 17:04:57 - [TEST_STEP][PASSED] - setText(findTestObject("Object Repository/Front End Objects/MyBankAccount(Create)/Page_Chiragh - Login/input_Username_un"), userName): Text 'testbcm11%2bac@gmail.com' is set on object 'Object Repository/Front End Objects/MyBankAccount(Create)/Page_Chiragh - Login/input_Username_un'

2020-10-01 17:04:58 - [MESSAGE][PASSED] - Text 'testbcm11%2bac@gmail.com' is set on object 'Object Repository/Front End Objects/MyBankAccount(Create)/Page_Chiragh - Login/input_Username_un'

2020-10-01 17:04:58 - [TEST_STEP][PASSED] - setEncryptedText(findTestObject("Object Repository/Front End Objects/MyBankAccount(Create)/Page_Chiragh - Login/input_Password_userPassword"), "RigbBhfdqOBDK95asqKeHw=="): Text ****** has been set on object 'Object Repository/Front End Objects/MyBankAccount(Create)/Page_Chiragh - Login/input_Password_userPassword'

2020-10-01 17:04:59 - [MESSAGE][PASSED] - Text ****** has been set on object 'Object Repository/Front End Objects/MyBankAccount(Create)/Page_Chiragh - Login/input_Password_userPassword'

2020-10-01 17:04:59 - [TEST_STEP][PASSED] - delay(2): Delayed 2 second(s)

2020-10-01 17:05:01 - [MESSAGE][PASSED] - Delayed 2 second(s)

2020-10-01 17:05:01 - [TEST_STEP][PASSED] - click(findTestObject("Object Repository/Front End Objects/MyBankAccount(Create)/Page_Chiragh - Login/button_Log In")): Object: 'Object Repository/Front End Objects/MyBankAccount(Create)/Page_Chiragh - Login/button_Log In' is clicked on

2020-10-01 17:05:02 - [MESSAGE][PASSED] - Object: 'Object Repository/Front End Objects/MyBankAccount(Create)/Page_Chiragh - Login/button_Log In' is clicked on

2020-10-01 17:05:02 - [TEST_STEP][PASSED] - delay(1): Delayed 1 second(s)

2020-10-01 17:05:03 - [MESSAGE][PASSED] - Delayed 1 second(s)

2020-10-01 17:05:03 - [TEST_STEP][PASSED] - click(findTestObject("Object Repository/Front End Objects/MyBankAccount(Create)/Page_Chiragh - Home/a_ENG_dropdownMenuLink")): Object: 'Object Repository/Front End Objects/MyBankAccount(Create)/Page_Chiragh - Home/a_ENG_dropdownMenuLink' is clicked on

2020-10-01 17:05:05 - [MESSAGE][PASSED] - Object: 'Object Repository/Front End Objects/MyBankAccount(Create)/Page_Chiragh - Home/a_ENG_dropdownMenuLink' is clicked on

2020-10-01 17:05:05 - [TEST_STEP][PASSED] - click(findTestObject("Object Repository/Front End Objects/MyBankAccount(Create)/Page_Chiragh - Home/a_HI AutoChiragh")): Object: 'Object Repository/Front End Objects/MyBankAccount(Create)/Page_Chiragh - Home/a_HI AutoChiragh' is clicked on

2020-10-01 17:05:06 - [MESSAGE][PASSED] - Object: 'Object Repository/Front End Objects/MyBankAccount(Create)/Page_Chiragh - Home/a_HI AutoChiragh' is clicked on

2020-10-01 17:05:06 - [TEST_STEP][PASSED] - delay(3): Delayed 3 second(s)

2020-10-01 17:05:09 - [MESSAGE][PASSED] - Delayed 3 second(s)

2020-10-01 17:05:09 - [TEST_STEP][PASSED] - click(findTestObject("Object Repository/Front End Objects/MyBankAccount(Create)/Page_Chiragh - Dashborad Home/b_Go to Wallet")): Object: 'Object Repository/Front End Objects/MyBankAccount(Create)/Page_Chiragh - Dashborad Home/b_Go to Wallet' is clicked on

2020-10-01 17:05:10 - [MESSAGE][PASSED] - Object: 'Object Repository/Front End Objects/MyBankAccount(Create)/Page_Chiragh - Dashborad Home/b_Go to Wallet' is clicked on

2020-10-01 17:05:10 - [TEST_STEP][PASSED] - click(findTestObject("Object Repository/Front End Objects/MyBankAccount(Create)/Page_Chiragh - User Account Summary/a_My Bank Accounts")): Object: 'Object Repository/Front End Objects/MyBankAccount(Create)/Page_Chiragh - User Account Summary/a_My Bank Accounts' is clicked on

2020-10-01 17:05:11 - [MESSAGE][PASSED] - Object: 'Object Repository/Front End Objects/MyBankAccount(Create)/Page_Chiragh - User Account Summary/a_My Bank Accounts' is clicked on

2020-10-01 17:05:11 - [TEST_STEP][PASSED] - delay(1): Delayed 1 second(s)

2020-10-01 17:05:12 - [MESSAGE][PASSED] - Delayed 1 second(s)

2020-10-01 17:05:12 - [TEST_STEP][PASSED] - click(findTestObject("Object Repository/Front End Objects/MyBankAccount(Create)/Page_Chiragh - My Bank Accounts/svg_My Bank Accounts_svg-inline--fa fa-plus_86c403")): Object: 'Object Repository/Front End Objects/MyBankAccount(Create)/Page_Chiragh - My Bank Accounts/svg_My Bank Accounts_svg-inline--fa fa-plus_86c403' is clicked on

2020-10-01 17:05:28 - [MESSAGE][PASSED] - Object: 'Object Repository/Front End Objects/MyBankAccount(Create)/Page_Chiragh - My Bank Accounts/svg_My Bank Accounts_svg-inline--fa fa-plus_86c403' is clicked on

2020-10-01 17:05:28 - [TEST_STEP][PASSED] - scrollToElement(findTestObject("Object Repository/Front End Objects/MyBankAccount(Create)/Page_Chiragh - My Bank Accounts/label_Currency"), 3): Scroll to object 'Object Repository/Front End Objects/MyBankAccount(Create)/Page_Chiragh - My Bank Accounts/label_Currency' successfully

2020-10-01 17:05:29 - [MESSAGE][PASSED] - Scroll to object 'Object Repository/Front End Objects/MyBankAccount(Create)/Page_Chiragh - My Bank Accounts/label_Currency' successfully

2020-10-01 17:05:29 - [TEST_STEP][PASSED] - selectOptionByValue(findTestObject("Object Repository/Front End Objects/MyBankAccount(Create)/Page_Chiragh - My Bank Accounts/select_Select CurrencyUSDAEDEUR"), "3", true): All options with value '3' are selected in object 'Object Repository/Front End Objects/MyBankAccount(Create)/Page_Chiragh - My Bank Accounts/select_Select CurrencyUSDAEDEUR'  using regular expression

2020-10-01 17:05:31 - [MESSAGE][PASSED] - All options with value '3' are selected in object 'Object Repository/Front End Objects/MyBankAccount(Create)/Page_Chiragh - My Bank Accounts/select_Select CurrencyUSDAEDEUR'  using regular expression

2020-10-01 17:05:31 - [TEST_STEP][PASSED] - setText(findTestObject("Object Repository/Front End Objects/MyBankAccount(Create)/Page_Chiragh - My Bank Accounts/input_Account Name_accountTitle"), "@@@@@@@@"): Text '@@@@@@@@' is set on object 'Object Repository/Front End Objects/MyBankAccount(Create)/Page_Chiragh - My Bank Accounts/input_Account Name_accountTitle'

2020-10-01 17:05:33 - [MESSAGE][PASSED] - Text '@@@@@@@@' is set on object 'Object Repository/Front End Objects/MyBankAccount(Create)/Page_Chiragh - My Bank Accounts/input_Account Name_accountTitle'

2020-10-01 17:05:33 - [TEST_STEP][PASSED] - accountName = getText(findTestObject("Sanity Test/MybankAccount/Page_Chiragh - My Bank Accounts/div_Account Name is not valid")): Text of object 'Object Repository/Sanity Test/MybankAccount/Page_Chiragh - My Bank Accounts/div_Account Name is not valid' is: 'Account Name is not valid!'

2020-10-01 17:05:34 - [MESSAGE][PASSED] - Text of object 'Object Repository/Sanity Test/MybankAccount/Page_Chiragh - My Bank Accounts/div_Account Name is not valid' is: 'Account Name is not valid!'

2020-10-01 17:05:34 - [TEST_STEP][PASSED] - com.sanitytest.com.HandleErrorMessage.verifyErrorMessage(accountName, "Account Name is not valid!"): com.sanitytest.com.HandleErrorMessage.verifyErrorMessage is PASSED

2020-10-01 17:05:34 - [MESSAGE][PASSED] - Actual object 'Account Name is not valid!' and expected object 'Account Name is not valid!' are equal

2020-10-01 17:05:34 - [MESSAGE][PASSED] - Actual object 'Account Name is not valid!' and expected object 'Account Name is not valid!' are equal

2020-10-01 17:05:34 - [MESSAGE][PASSED] - com.sanitytest.com.HandleErrorMessage.verifyErrorMessage is PASSED

2020-10-01 17:05:34 - [TEST_STEP][PASSED] - delay(2): Delayed 2 second(s)

2020-10-01 17:05:36 - [MESSAGE][PASSED] - Delayed 2 second(s)

2020-10-01 17:05:36 - [TEST_STEP][PASSED] - setText(findTestObject("Object Repository/Front End Objects/MyBankAccount(Create)/Page_Chiragh - My Bank Accounts/input_IBAN_accIbanNumber"), "@@@@@@@0989"): Text '@@@@@@@0989' is set on object 'Object Repository/Front End Objects/MyBankAccount(Create)/Page_Chiragh - My Bank Accounts/input_IBAN_accIbanNumber'

2020-10-01 17:05:37 - [MESSAGE][PASSED] - Text '@@@@@@@0989' is set on object 'Object Repository/Front End Objects/MyBankAccount(Create)/Page_Chiragh - My Bank Accounts/input_IBAN_accIbanNumber'

2020-10-01 17:05:37 - [TEST_STEP][PASSED] - IbanNo = getText(findTestObject("Sanity Test/MybankAccount/Page_Chiragh - My Bank Accounts/div_IBAN is not valid")): Text of object 'Object Repository/Sanity Test/MybankAccount/Page_Chiragh - My Bank Accounts/div_IBAN is not valid' is: 'IBAN is not valid!'

2020-10-01 17:05:37 - [MESSAGE][PASSED] - Text of object 'Object Repository/Sanity Test/MybankAccount/Page_Chiragh - My Bank Accounts/div_IBAN is not valid' is: 'IBAN is not valid!'

2020-10-01 17:05:37 - [TEST_STEP][PASSED] - com.sanitytest.com.HandleErrorMessage.verifyErrorMessage(IbanNo, "IBAN is not valid!"): com.sanitytest.com.HandleErrorMessage.verifyErrorMessage is PASSED

2020-10-01 17:05:37 - [MESSAGE][PASSED] - Actual object 'IBAN is not valid!' and expected object 'IBAN is not valid!' are equal

2020-10-01 17:05:37 - [MESSAGE][PASSED] - Actual object 'IBAN is not valid!' and expected object 'IBAN is not valid!' are equal

2020-10-01 17:05:37 - [MESSAGE][PASSED] - com.sanitytest.com.HandleErrorMessage.verifyErrorMessage is PASSED

2020-10-01 17:05:37 - [TEST_STEP][PASSED] - delay(2): Delayed 2 second(s)

2020-10-01 17:05:39 - [MESSAGE][PASSED] - Delayed 2 second(s)

2020-10-01 17:05:39 - [TEST_STEP][PASSED] - setText(findTestObject("Object Repository/Front End Objects/MyBankAccount(Create)/Page_Chiragh - My Bank Accounts/input_Account No_accountNumber"), "8855@@@@@"): Text '8855@@@@@' is set on object 'Object Repository/Front End Objects/MyBankAccount(Create)/Page_Chiragh - My Bank Accounts/input_Account No_accountNumber'

2020-10-01 17:05:40 - [MESSAGE][PASSED] - Text '8855@@@@@' is set on object 'Object Repository/Front End Objects/MyBankAccount(Create)/Page_Chiragh - My Bank Accounts/input_Account No_accountNumber'

2020-10-01 17:05:40 - [TEST_STEP][PASSED] - accountNo = getText(findTestObject("Sanity Test/MybankAccount/Page_Chiragh - My Bank Accounts/div_Account No is not valid")): Text of object 'Object Repository/Sanity Test/MybankAccount/Page_Chiragh - My Bank Accounts/div_Account No is not valid' is: 'Account No is not valid!'

2020-10-01 17:05:41 - [MESSAGE][PASSED] - Text of object 'Object Repository/Sanity Test/MybankAccount/Page_Chiragh - My Bank Accounts/div_Account No is not valid' is: 'Account No is not valid!'

2020-10-01 17:05:41 - [TEST_STEP][PASSED] - com.sanitytest.com.HandleErrorMessage.verifyErrorMessage(accountNo, "Account No is not valid!"): com.sanitytest.com.HandleErrorMessage.verifyErrorMessage is PASSED

2020-10-01 17:05:41 - [MESSAGE][PASSED] - Actual object 'Account No is not valid!' and expected object 'Account No is not valid!' are equal

2020-10-01 17:05:41 - [MESSAGE][PASSED] - Actual object 'Account No is not valid!' and expected object 'Account No is not valid!' are equal

2020-10-01 17:05:41 - [MESSAGE][PASSED] - com.sanitytest.com.HandleErrorMessage.verifyErrorMessage is PASSED

2020-10-01 17:05:41 - [TEST_STEP][PASSED] - delay(2): Delayed 2 second(s)

2020-10-01 17:05:43 - [MESSAGE][PASSED] - Delayed 2 second(s)

2020-10-01 17:05:43 - [TEST_STEP][PASSED] - setText(findTestObject("Object Repository/Front End Objects/MyBankAccount(Create)/Page_Chiragh - My Bank Accounts/input_Account Name_accountTitle"), "8855@@@@@"): Text '8855@@@@@' is set on object 'Object Repository/Front End Objects/MyBankAccount(Create)/Page_Chiragh - My Bank Accounts/input_Account Name_accountTitle'

2020-10-01 17:05:43 - [MESSAGE][PASSED] - Text '8855@@@@@' is set on object 'Object Repository/Front End Objects/MyBankAccount(Create)/Page_Chiragh - My Bank Accounts/input_Account Name_accountTitle'

2020-10-01 17:05:43 - [TEST_STEP][PASSED] - title = getText(findTestObject("Sanity Test/MybankAccount/Page_Chiragh - My Bank Accounts/div_Account Name is not valid")): Text of object 'Object Repository/Sanity Test/MybankAccount/Page_Chiragh - My Bank Accounts/div_Account Name is not valid' is: 'Account Name is not valid!'

2020-10-01 17:05:44 - [MESSAGE][PASSED] - Text of object 'Object Repository/Sanity Test/MybankAccount/Page_Chiragh - My Bank Accounts/div_Account Name is not valid' is: 'Account Name is not valid!'

2020-10-01 17:05:44 - [TEST_STEP][PASSED] - com.sanitytest.com.HandleErrorMessage.verifyErrorMessage(title, "Account Name is not valid!"): com.sanitytest.com.HandleErrorMessage.verifyErrorMessage is PASSED

2020-10-01 17:05:44 - [MESSAGE][PASSED] - Actual object 'Account Name is not valid!' and expected object 'Account Name is not valid!' are equal

2020-10-01 17:05:44 - [MESSAGE][PASSED] - Actual object 'Account Name is not valid!' and expected object 'Account Name is not valid!' are equal

2020-10-01 17:05:44 - [MESSAGE][PASSED] - com.sanitytest.com.HandleErrorMessage.verifyErrorMessage is PASSED

2020-10-01 17:05:44 - [TEST_STEP][PASSED] - delay(2): Delayed 2 second(s)

2020-10-01 17:05:46 - [MESSAGE][PASSED] - Delayed 2 second(s)

2020-10-01 17:05:46 - [TEST_STEP][PASSED] - setText(findTestObject("Object Repository/Front End Objects/MyBankAccount(Create)/Page_Chiragh - My Bank Accounts/input_Acct Holder Address_address"), "@@889557766HHGHGGGHG"): Text '@@889557766HHGHGGGHG' is set on object 'Object Repository/Front End Objects/MyBankAccount(Create)/Page_Chiragh - My Bank Accounts/input_Acct Holder Address_address'

2020-10-01 17:05:47 - [MESSAGE][PASSED] - Text '@@889557766HHGHGGGHG' is set on object 'Object Repository/Front End Objects/MyBankAccount(Create)/Page_Chiragh - My Bank Accounts/input_Acct Holder Address_address'

2020-10-01 17:05:47 - [TEST_STEP][PASSED] - delay(2): Delayed 2 second(s)

2020-10-01 17:05:49 - [MESSAGE][PASSED] - Delayed 2 second(s)

2020-10-01 17:05:49 - [TEST_STEP][PASSED] - setText(findTestObject("Object Repository/Front End Objects/MyBankAccount(Create)/Page_Chiragh - My Bank Accounts/input_Bank Name_bankName"), "8855@@@@@"): Text '8855@@@@@' is set on object 'Object Repository/Front End Objects/MyBankAccount(Create)/Page_Chiragh - My Bank Accounts/input_Bank Name_bankName'

2020-10-01 17:05:50 - [MESSAGE][PASSED] - Text '8855@@@@@' is set on object 'Object Repository/Front End Objects/MyBankAccount(Create)/Page_Chiragh - My Bank Accounts/input_Bank Name_bankName'

2020-10-01 17:05:50 - [TEST_STEP][PASSED] - bankName = getText(findTestObject("Sanity Test/MybankAccount/Page_Chiragh - My Bank Accounts/div_Bank name is not valid")): Text of object 'Object Repository/Sanity Test/MybankAccount/Page_Chiragh - My Bank Accounts/div_Bank name is not valid' is: 'Bank name is not valid!'

2020-10-01 17:05:50 - [MESSAGE][PASSED] - Text of object 'Object Repository/Sanity Test/MybankAccount/Page_Chiragh - My Bank Accounts/div_Bank name is not valid' is: 'Bank name is not valid!'

2020-10-01 17:05:50 - [TEST_STEP][PASSED] - com.sanitytest.com.HandleErrorMessage.verifyErrorMessage(bankName, "Bank name is not valid!"): com.sanitytest.com.HandleErrorMessage.verifyErrorMessage is PASSED

2020-10-01 17:05:50 - [MESSAGE][PASSED] - Actual object 'Bank name is not valid!' and expected object 'Bank name is not valid!' are equal

2020-10-01 17:05:50 - [MESSAGE][PASSED] - Actual object 'Bank name is not valid!' and expected object 'Bank name is not valid!' are equal

2020-10-01 17:05:50 - [MESSAGE][PASSED] - com.sanitytest.com.HandleErrorMessage.verifyErrorMessage is PASSED

2020-10-01 17:05:50 - [TEST_STEP][PASSED] - delay(2): Delayed 2 second(s)

2020-10-01 17:05:52 - [MESSAGE][PASSED] - Delayed 2 second(s)

2020-10-01 17:05:52 - [TEST_STEP][PASSED] - setText(findTestObject("Object Repository/Front End Objects/MyBankAccount(Create)/Page_Chiragh - My Bank Accounts/input_Bank Branch Address_branchName"), "@@@@@@@@$"): Text '@@@@@@@@$' is set on object 'Object Repository/Front End Objects/MyBankAccount(Create)/Page_Chiragh - My Bank Accounts/input_Bank Branch Address_branchName'

2020-10-01 17:05:53 - [MESSAGE][PASSED] - Text '@@@@@@@@$' is set on object 'Object Repository/Front End Objects/MyBankAccount(Create)/Page_Chiragh - My Bank Accounts/input_Bank Branch Address_branchName'

2020-10-01 17:05:53 - [TEST_STEP][PASSED] - bankaddress = getText(findTestObject("Sanity Test/MybankAccount/Page_Chiragh - My Bank Accounts/div_Bank Branch Address is not valid")): Text of object 'Object Repository/Sanity Test/MybankAccount/Page_Chiragh - My Bank Accounts/div_Bank Branch Address is not valid' is: 'Bank Branch Address is not valid!'

2020-10-01 17:05:53 - [MESSAGE][PASSED] - Text of object 'Object Repository/Sanity Test/MybankAccount/Page_Chiragh - My Bank Accounts/div_Bank Branch Address is not valid' is: 'Bank Branch Address is not valid!'

2020-10-01 17:05:53 - [TEST_STEP][PASSED] - com.sanitytest.com.HandleErrorMessage.verifyErrorMessage(bankaddress, "Bank Branch Address is not valid!"): com.sanitytest.com.HandleErrorMessage.verifyErrorMessage is PASSED

2020-10-01 17:05:53 - [MESSAGE][PASSED] - Actual object 'Bank Branch Address is not valid!' and expected object 'Bank Branch Address is not valid!' are equal

2020-10-01 17:05:53 - [MESSAGE][PASSED] - Actual object 'Bank Branch Address is not valid!' and expected object 'Bank Branch Address is not valid!' are equal

2020-10-01 17:05:53 - [MESSAGE][PASSED] - com.sanitytest.com.HandleErrorMessage.verifyErrorMessage is PASSED

2020-10-01 17:05:53 - [TEST_STEP][PASSED] - delay(2): Delayed 2 second(s)

2020-10-01 17:05:55 - [MESSAGE][PASSED] - Delayed 2 second(s)

2020-10-01 17:05:55 - [TEST_STEP][PASSED] - setText(findTestObject("Object Repository/Front End Objects/MyBankAccount(Create)/Page_Chiragh - My Bank Accounts/input_Swift Code_accSwiftCode"), "###%%@@@9889U"): Text '###%%@@@9889U' is set on object 'Object Repository/Front End Objects/MyBankAccount(Create)/Page_Chiragh - My Bank Accounts/input_Swift Code_accSwiftCode'

2020-10-01 17:05:56 - [MESSAGE][PASSED] - Text '###%%@@@9889U' is set on object 'Object Repository/Front End Objects/MyBankAccount(Create)/Page_Chiragh - My Bank Accounts/input_Swift Code_accSwiftCode'

2020-10-01 17:05:56 - [TEST_STEP][PASSED] - swiftCode = getText(findTestObject("Sanity Test/MybankAccount/Page_Chiragh - My Bank Accounts/div_Swift code is not valid")): Text of object 'Object Repository/Sanity Test/MybankAccount/Page_Chiragh - My Bank Accounts/div_Swift code is not valid' is: 'Swift code is not valid!'

2020-10-01 17:05:57 - [MESSAGE][PASSED] - Text of object 'Object Repository/Sanity Test/MybankAccount/Page_Chiragh - My Bank Accounts/div_Swift code is not valid' is: 'Swift code is not valid!'

2020-10-01 17:05:57 - [TEST_STEP][PASSED] - com.sanitytest.com.HandleErrorMessage.verifyErrorMessage(swiftCode, "Swift code is not valid!"): com.sanitytest.com.HandleErrorMessage.verifyErrorMessage is PASSED

2020-10-01 17:05:57 - [MESSAGE][PASSED] - Actual object 'Swift code is not valid!' and expected object 'Swift code is not valid!' are equal

2020-10-01 17:05:57 - [MESSAGE][PASSED] - Actual object 'Swift code is not valid!' and expected object 'Swift code is not valid!' are equal

2020-10-01 17:05:57 - [MESSAGE][PASSED] - com.sanitytest.com.HandleErrorMessage.verifyErrorMessage is PASSED

2020-10-01 17:05:57 - [TEST_STEP][PASSED] - delay(2): Delayed 2 second(s)

2020-10-01 17:05:59 - [MESSAGE][PASSED] - Delayed 2 second(s)

2020-10-01 17:05:59 - [TEST_STEP][PASSED] - setText(findTestObject("Object Repository/Front End Objects/MyBankAccount(Create)/Page_Chiragh - My Bank Accounts/input_Correspondent Bank Name_corresponding_bf0020"), "###%%@@@9889U"): Text '###%%@@@9889U' is set on object 'Object Repository/Front End Objects/MyBankAccount(Create)/Page_Chiragh - My Bank Accounts/input_Correspondent Bank Name_corresponding_bf0020'

2020-10-01 17:06:00 - [MESSAGE][PASSED] - Text '###%%@@@9889U' is set on object 'Object Repository/Front End Objects/MyBankAccount(Create)/Page_Chiragh - My Bank Accounts/input_Correspondent Bank Name_corresponding_bf0020'

2020-10-01 17:06:00 - [TEST_STEP][PASSED] - setText(findTestObject("Object Repository/Front End Objects/MyBankAccount(Create)/Page_Chiragh - My Bank Accounts/input_Correspondent Bank Swift Code_corresp_eefb27"), "###%%@@@9889U"): Text '###%%@@@9889U' is set on object 'Object Repository/Front End Objects/MyBankAccount(Create)/Page_Chiragh - My Bank Accounts/input_Correspondent Bank Swift Code_corresp_eefb27'

2020-10-01 17:06:01 - [MESSAGE][PASSED] - Text '###%%@@@9889U' is set on object 'Object Repository/Front End Objects/MyBankAccount(Create)/Page_Chiragh - My Bank Accounts/input_Correspondent Bank Swift Code_corresp_eefb27'

2020-10-01 17:06:01 - [TEST_STEP][PASSED] - delay(6): Delayed 6 second(s)

2020-10-01 17:06:07 - [MESSAGE][PASSED] - Delayed 6 second(s)

2020-10-01 17:06:07 - [TEST_STEP][PASSED] - selectOptionByValue(findTestObject("Object Repository/Front End Objects/MyBankAccount(Create)/Page_Chiragh - My Bank Accounts/select_Select CurrencyUSDAEDEUR"), "3", true): All options with value '3' are selected in object 'Object Repository/Front End Objects/MyBankAccount(Create)/Page_Chiragh - My Bank Accounts/select_Select CurrencyUSDAEDEUR'  using regular expression

2020-10-01 17:06:08 - [MESSAGE][PASSED] - All options with value '3' are selected in object 'Object Repository/Front End Objects/MyBankAccount(Create)/Page_Chiragh - My Bank Accounts/select_Select CurrencyUSDAEDEUR'  using regular expression

2020-10-01 17:06:08 - [TEST_STEP][PASSED] - setText(findTestObject("Object Repository/Front End Objects/MyBankAccount(Create)/Page_Chiragh - My Bank Accounts/input_Account Name_accountTitle"), "Sharjah Platinum"): Text 'Sharjah Platinum' is set on object 'Object Repository/Front End Objects/MyBankAccount(Create)/Page_Chiragh - My Bank Accounts/input_Account Name_accountTitle'

2020-10-01 17:06:08 - [MESSAGE][PASSED] - Text 'Sharjah Platinum' is set on object 'Object Repository/Front End Objects/MyBankAccount(Create)/Page_Chiragh - My Bank Accounts/input_Account Name_accountTitle'

2020-10-01 17:06:08 - [TEST_STEP][PASSED] - setText(findTestObject("Object Repository/Front End Objects/MyBankAccount(Create)/Page_Chiragh - My Bank Accounts/input_IBAN_accIbanNumber"), "647489347389"): Text '647489347389' is set on object 'Object Repository/Front End Objects/MyBankAccount(Create)/Page_Chiragh - My Bank Accounts/input_IBAN_accIbanNumber'

2020-10-01 17:06:09 - [MESSAGE][PASSED] - Text '647489347389' is set on object 'Object Repository/Front End Objects/MyBankAccount(Create)/Page_Chiragh - My Bank Accounts/input_IBAN_accIbanNumber'

2020-10-01 17:06:09 - [TEST_STEP][PASSED] - setText(findTestObject("Object Repository/Front End Objects/MyBankAccount(Create)/Page_Chiragh - My Bank Accounts/input_Account No_accountNumber"), "6376376373"): Text '6376376373' is set on object 'Object Repository/Front End Objects/MyBankAccount(Create)/Page_Chiragh - My Bank Accounts/input_Account No_accountNumber'

2020-10-01 17:06:10 - [MESSAGE][PASSED] - Text '6376376373' is set on object 'Object Repository/Front End Objects/MyBankAccount(Create)/Page_Chiragh - My Bank Accounts/input_Account No_accountNumber'

2020-10-01 17:06:10 - [TEST_STEP][PASSED] - click(findTestObject("Object Repository/Front End Objects/MyBankAccount(Create)/Page_Chiragh - My Bank Accounts/div_Account Name")): Object: 'Object Repository/Front End Objects/MyBankAccount(Create)/Page_Chiragh - My Bank Accounts/div_Account Name' is clicked on

2020-10-01 17:06:11 - [MESSAGE][PASSED] - Object: 'Object Repository/Front End Objects/MyBankAccount(Create)/Page_Chiragh - My Bank Accounts/div_Account Name' is clicked on

2020-10-01 17:06:11 - [TEST_STEP][PASSED] - setText(findTestObject("Object Repository/Front End Objects/MyBankAccount(Create)/Page_Chiragh - My Bank Accounts/input_Account Name_accountTitle"), "Emirati Bank"): Text 'Emirati Bank' is set on object 'Object Repository/Front End Objects/MyBankAccount(Create)/Page_Chiragh - My Bank Accounts/input_Account Name_accountTitle'

2020-10-01 17:06:12 - [MESSAGE][PASSED] - Text 'Emirati Bank' is set on object 'Object Repository/Front End Objects/MyBankAccount(Create)/Page_Chiragh - My Bank Accounts/input_Account Name_accountTitle'

2020-10-01 17:06:12 - [TEST_STEP][PASSED] - setText(findTestObject("Object Repository/Front End Objects/MyBankAccount(Create)/Page_Chiragh - My Bank Accounts/input_Acct Holder Address_address"), "Dubai Town"): Text 'Dubai Town' is set on object 'Object Repository/Front End Objects/MyBankAccount(Create)/Page_Chiragh - My Bank Accounts/input_Acct Holder Address_address'

2020-10-01 17:06:13 - [MESSAGE][PASSED] - Text 'Dubai Town' is set on object 'Object Repository/Front End Objects/MyBankAccount(Create)/Page_Chiragh - My Bank Accounts/input_Acct Holder Address_address'

2020-10-01 17:06:13 - [TEST_STEP][PASSED] - setText(findTestObject("Object Repository/Front End Objects/MyBankAccount(Create)/Page_Chiragh - My Bank Accounts/input_Bank Name_bankName"), "Emirati Platinum"): Text 'Emirati Platinum' is set on object 'Object Repository/Front End Objects/MyBankAccount(Create)/Page_Chiragh - My Bank Accounts/input_Bank Name_bankName'

2020-10-01 17:06:14 - [MESSAGE][PASSED] - Text 'Emirati Platinum' is set on object 'Object Repository/Front End Objects/MyBankAccount(Create)/Page_Chiragh - My Bank Accounts/input_Bank Name_bankName'

2020-10-01 17:06:14 - [TEST_STEP][PASSED] - setText(findTestObject("Object Repository/Front End Objects/MyBankAccount(Create)/Page_Chiragh - My Bank Accounts/input_Bank Branch Address_branchName"), "Dubai Town"): Text 'Dubai Town' is set on object 'Object Repository/Front End Objects/MyBankAccount(Create)/Page_Chiragh - My Bank Accounts/input_Bank Branch Address_branchName'

2020-10-01 17:06:14 - [MESSAGE][PASSED] - Text 'Dubai Town' is set on object 'Object Repository/Front End Objects/MyBankAccount(Create)/Page_Chiragh - My Bank Accounts/input_Bank Branch Address_branchName'

2020-10-01 17:06:14 - [TEST_STEP][PASSED] - setText(findTestObject("Object Repository/Front End Objects/MyBankAccount(Create)/Page_Chiragh - My Bank Accounts/input_Swift Code_accSwiftCode"), "64637634"): Text '64637634' is set on object 'Object Repository/Front End Objects/MyBankAccount(Create)/Page_Chiragh - My Bank Accounts/input_Swift Code_accSwiftCode'

2020-10-01 17:06:15 - [MESSAGE][PASSED] - Text '64637634' is set on object 'Object Repository/Front End Objects/MyBankAccount(Create)/Page_Chiragh - My Bank Accounts/input_Swift Code_accSwiftCode'

2020-10-01 17:06:15 - [TEST_STEP][PASSED] - setText(findTestObject("Object Repository/Front End Objects/MyBankAccount(Create)/Page_Chiragh - My Bank Accounts/input_Correspondent Bank Name_corresponding_bf0020"), "Dubai CB"): Text 'Dubai CB' is set on object 'Object Repository/Front End Objects/MyBankAccount(Create)/Page_Chiragh - My Bank Accounts/input_Correspondent Bank Name_corresponding_bf0020'

2020-10-01 17:06:16 - [MESSAGE][PASSED] - Text 'Dubai CB' is set on object 'Object Repository/Front End Objects/MyBankAccount(Create)/Page_Chiragh - My Bank Accounts/input_Correspondent Bank Name_corresponding_bf0020'

2020-10-01 17:06:16 - [TEST_STEP][PASSED] - setText(findTestObject("Object Repository/Front End Objects/MyBankAccount(Create)/Page_Chiragh - My Bank Accounts/input_Correspondent Bank Swift Code_corresp_eefb27"), "53635"): Text '53635' is set on object 'Object Repository/Front End Objects/MyBankAccount(Create)/Page_Chiragh - My Bank Accounts/input_Correspondent Bank Swift Code_corresp_eefb27'

2020-10-01 17:06:17 - [MESSAGE][PASSED] - Text '53635' is set on object 'Object Repository/Front End Objects/MyBankAccount(Create)/Page_Chiragh - My Bank Accounts/input_Correspondent Bank Swift Code_corresp_eefb27'

2020-10-01 17:06:17 - [TEST_STEP][PASSED] - delay(3): Delayed 3 second(s)

2020-10-01 17:06:20 - [MESSAGE][PASSED] - Delayed 3 second(s)

2020-10-01 17:06:20 - [TEST_STEP][PASSED] - closeBrowser(): Browser is closed

2020-10-01 17:06:21 - [MESSAGE][PASSED] - Browser is closed

2020-10-01 17:06:23 - [TEST_STEP][PASSED] - Video: Video recording for test case 'Test Cases/Sanity Tests/Buy_ Wallet_AddMyAccount_EUR_44' .

2020-10-01 17:06:23 - [MESSAGE][INFO] - Video recording for test case 'Test Cases/Sanity Tests/Buy_ Wallet_AddMyAccount_EUR_44' .
[[ATTACHMENT|C:\Users\hp\git\chiraghAdminPanel\Reports\20201001_170350\SanityTests\SanityTest\20201001_170350/videos\test_1.mov]]]]></system-out>
         <system-err><![CDATA[]]></system-err>
      </testcase>
      <testcase name="Test Cases/Sanity Tests/Buy_mainLandingPage_2" time="52.79" classname="Test Cases/Sanity Tests/Buy_mainLandingPage_2" status="FAILED">
         <failure type="FAILED" message="Test Cases/Sanity Tests/Buy_mainLandingPage_2 FAILED.
Reason:
com.kms.katalon.core.exception.StepFailedException: Unable to click on object 'Object Repository/Sanity Test/ChiraghHomeUIpages/Page_Chiragh - Home/a_ARA(UAE)'
	at com.kms.katalon.core.webui.keyword.internal.WebUIKeywordMain.stepFailed(WebUIKeywordMain.groovy:64)
	at com.kms.katalon.core.webui.keyword.internal.WebUIKeywordMain.runKeyword(WebUIKeywordMain.groovy:26)
	at com.kms.katalon.core.webui.keyword.builtin.ClickKeyword.click(ClickKeyword.groovy:76)
	at com.kms.katalon.core.webui.keyword.builtin.ClickKeyword.execute(ClickKeyword.groovy:43)
	at com.kms.katalon.core.keyword.internal.KeywordExecutor.executeKeywordForPlatform(KeywordExecutor.groovy:73)
	at com.kms.katalon.core.webui.keyword.WebUiBuiltInKeywords.click(WebUiBuiltInKeywords.groovy:617)
	at com.kms.katalon.core.webui.keyword.WebUiBuiltInKeywords$click$3.call(Unknown Source)
	at Buy_mainLandingPage_2.run(Buy_mainLandingPage_2:27)
	at com.kms.katalon.core.main.ScriptEngine.run(ScriptEngine.java:194)
	at com.kms.katalon.core.main.ScriptEngine.runScriptAsRawText(ScriptEngine.java:119)
	at com.kms.katalon.core.main.TestCaseExecutor.runScript(TestCaseExecutor.java:339)
	at com.kms.katalon.core.main.TestCaseExecutor.doExecute(TestCaseExecutor.java:330)
	at com.kms.katalon.core.main.TestCaseExecutor.processExecutionPhase(TestCaseExecutor.java:309)
	at com.kms.katalon.core.main.TestCaseExecutor.accessMainPhase(TestCaseExecutor.java:301)
	at com.kms.katalon.core.main.TestCaseExecutor.execute(TestCaseExecutor.java:235)
	at com.kms.katalon.core.main.TestSuiteExecutor.accessTestCaseMainPhase(TestSuiteExecutor.java:191)
	at com.kms.katalon.core.main.TestSuiteExecutor.accessTestSuiteMainPhase(TestSuiteExecutor.java:141)
	at com.kms.katalon.core.main.TestSuiteExecutor.execute(TestSuiteExecutor.java:90)
	at com.kms.katalon.core.main.TestCaseMain.startTestSuite(TestCaseMain.java:157)
	at com.kms.katalon.core.main.TestCaseMain$startTestSuite$0.call(Unknown Source)
	at TempTestSuite1601553830097.run(TempTestSuite1601553830097.groovy:39)
Caused by: com.kms.katalon.core.webui.exception.WebElementNotFoundException: Web element with id: 'Object Repository/Sanity Test/ChiraghHomeUIpages/Page_Chiragh - Home/a_ARA(UAE)' located by '//div[@id='collapsibleNavbar']/ul/li[5]/div/ul/li/a' not found
	at com.kms.katalon.core.webui.common.WebUiCommonHelper.findWebElement(WebUiCommonHelper.java:1368)
	at com.kms.katalon.core.webui.keyword.internal.WebUIAbstractKeyword.findWebElement(WebUIAbstractKeyword.groovy:27)
	at com.kms.katalon.core.webui.keyword.internal.WebUIAbstractKeyword.findWebElement(WebUIAbstractKeyword.groovy:26)
	at com.kms.katalon.core.webui.keyword.builtin.ClickKeyword$_click_closure1.doCall(ClickKeyword.groovy:67)
	at com.kms.katalon.core.webui.keyword.builtin.ClickKeyword$_click_closure1.call(ClickKeyword.groovy)
	at com.kms.katalon.core.webui.keyword.internal.WebUIKeywordMain.runKeyword(WebUIKeywordMain.groovy:20)
	... 19 more
"/>
         <system-out><![CDATA[2020-10-01 17:06:23 - [TEST_CASE][FAILED] - Test Cases/Sanity Tests/Buy_mainLandingPage_2: Test Cases/Sanity Tests/Buy_mainLandingPage_2 FAILED.
Reason:
com.kms.katalon.core.exception.StepFailedException: Unable to click on object 'Object Repository/Sanity Test/ChiraghHomeUIpages/Page_Chiragh - Home/a_ARA(UAE)'
	at com.kms.katalon.core.webui.keyword.internal.WebUIKeywordMain.stepFailed(WebUIKeywordMain.groovy:64)
	at com.kms.katalon.core.webui.keyword.internal.WebUIKeywordMain.runKeyword(WebUIKeywordMain.groovy:26)
	at com.kms.katalon.core.webui.keyword.builtin.ClickKeyword.click(ClickKeyword.groovy:76)
	at com.kms.katalon.core.webui.keyword.builtin.ClickKeyword.execute(ClickKeyword.groovy:43)
	at com.kms.katalon.core.keyword.internal.KeywordExecutor.executeKeywordForPlatform(KeywordExecutor.groovy:73)
	at com.kms.katalon.core.webui.keyword.WebUiBuiltInKeywords.click(WebUiBuiltInKeywords.groovy:617)
	at com.kms.katalon.core.webui.keyword.WebUiBuiltInKeywords$click$3.call(Unknown Source)
	at Buy_mainLandingPage_2.run(Buy_mainLandingPage_2:27)
	at com.kms.katalon.core.main.ScriptEngine.run(ScriptEngine.java:194)
	at com.kms.katalon.core.main.ScriptEngine.runScriptAsRawText(ScriptEngine.java:119)
	at com.kms.katalon.core.main.TestCaseExecutor.runScript(TestCaseExecutor.java:339)
	at com.kms.katalon.core.main.TestCaseExecutor.doExecute(TestCaseExecutor.java:330)
	at com.kms.katalon.core.main.TestCaseExecutor.processExecutionPhase(TestCaseExecutor.java:309)
	at com.kms.katalon.core.main.TestCaseExecutor.accessMainPhase(TestCaseExecutor.java:301)
	at com.kms.katalon.core.main.TestCaseExecutor.execute(TestCaseExecutor.java:235)
	at com.kms.katalon.core.main.TestSuiteExecutor.accessTestCaseMainPhase(TestSuiteExecutor.java:191)
	at com.kms.katalon.core.main.TestSuiteExecutor.accessTestSuiteMainPhase(TestSuiteExecutor.java:141)
	at com.kms.katalon.core.main.TestSuiteExecutor.execute(TestSuiteExecutor.java:90)
	at com.kms.katalon.core.main.TestCaseMain.startTestSuite(TestCaseMain.java:157)
	at com.kms.katalon.core.main.TestCaseMain$startTestSuite$0.call(Unknown Source)
	at TempTestSuite1601553830097.run(TempTestSuite1601553830097.groovy:39)
Caused by: com.kms.katalon.core.webui.exception.WebElementNotFoundException: Web element with id: 'Object Repository/Sanity Test/ChiraghHomeUIpages/Page_Chiragh - Home/a_ARA(UAE)' located by '//div[@id='collapsibleNavbar']/ul/li[5]/div/ul/li/a' not found
	at com.kms.katalon.core.webui.common.WebUiCommonHelper.findWebElement(WebUiCommonHelper.java:1368)
	at com.kms.katalon.core.webui.keyword.internal.WebUIAbstractKeyword.findWebElement(WebUIAbstractKeyword.groovy:27)
	at com.kms.katalon.core.webui.keyword.internal.WebUIAbstractKeyword.findWebElement(WebUIAbstractKeyword.groovy:26)
	at com.kms.katalon.core.webui.keyword.builtin.ClickKeyword$_click_closure1.doCall(ClickKeyword.groovy:67)
	at com.kms.katalon.core.webui.keyword.builtin.ClickKeyword$_click_closure1.call(ClickKeyword.groovy)
	at com.kms.katalon.core.webui.keyword.internal.WebUIKeywordMain.runKeyword(WebUIKeywordMain.groovy:20)
	... 19 more


2020-10-01 17:06:24 - [TEST_STEP][PASSED] - openBrowser(""): Browser is opened with url: ''

2020-10-01 17:06:24 - [MESSAGE][INFO] - Starting 'Chrome' driver

2020-10-01 17:06:24 - [MESSAGE][INFO] - Action delay is set to 0 milliseconds

2020-10-01 17:06:28 - [MESSAGE][PASSED] - Browser is opened with url: ''

2020-10-01 17:06:28 - [TEST_STEP][PASSED] - navigateToUrl(Url): Navigate to 'http://chiragh:AeBcm%231t@test.chiragh.com' successfully

2020-10-01 17:06:38 - [MESSAGE][PASSED] - Navigate to 'http://chiragh:AeBcm%231t@test.chiragh.com' successfully

2020-10-01 17:06:38 - [TEST_STEP][PASSED] - verifyElementPresent(findTestObject("Object Repository/Sanity Test/ChiraghHomeUIpages/Page_Chiragh - Home/img"), 5): Object 'Object Repository/Sanity Test/ChiraghHomeUIpages/Page_Chiragh - Home/img' is present

2020-10-01 17:06:39 - [MESSAGE][PASSED] - Object 'Object Repository/Sanity Test/ChiraghHomeUIpages/Page_Chiragh - Home/img' is present

2020-10-01 17:06:39 - [TEST_STEP][PASSED] - click(findTestObject("Object Repository/Sanity Test/ChiraghHomeUIpages/Page_Chiragh - Home/a_ENG")): Object: 'Object Repository/Sanity Test/ChiraghHomeUIpages/Page_Chiragh - Home/a_ENG' is clicked on

2020-10-01 17:06:41 - [MESSAGE][PASSED] - Object: 'Object Repository/Sanity Test/ChiraghHomeUIpages/Page_Chiragh - Home/a_ENG' is clicked on

2020-10-01 17:06:41 - [TEST_STEP][FAILED] - click(findTestObject("Object Repository/Sanity Test/ChiraghHomeUIpages/Page_Chiragh - Home/a_ARA(UAE)")): Unable to click on object 'Object Repository/Sanity Test/ChiraghHomeUIpages/Page_Chiragh - Home/a_ARA(UAE)' (Root cause: com.kms.katalon.core.exception.StepFailedException: Unable to click on object 'Object Repository/Sanity Test/ChiraghHomeUIpages/Page_Chiragh - Home/a_ARA(UAE)'
	at com.kms.katalon.core.webui.keyword.internal.WebUIKeywordMain.stepFailed(WebUIKeywordMain.groovy:64)
	at com.kms.katalon.core.webui.keyword.internal.WebUIKeywordMain.runKeyword(WebUIKeywordMain.groovy:26)
	at com.kms.katalon.core.webui.keyword.builtin.ClickKeyword.click(ClickKeyword.groovy:76)
	at com.kms.katalon.core.webui.keyword.builtin.ClickKeyword.execute(ClickKeyword.groovy:43)
	at com.kms.katalon.core.keyword.internal.KeywordExecutor.executeKeywordForPlatform(KeywordExecutor.groovy:73)
	at com.kms.katalon.core.webui.keyword.WebUiBuiltInKeywords.click(WebUiBuiltInKeywords.groovy:617)
	at com.kms.katalon.core.webui.keyword.WebUiBuiltInKeywords$click$3.call(Unknown Source)
	at Buy_mainLandingPage_2.run(Buy_mainLandingPage_2:27)
	at com.kms.katalon.core.main.ScriptEngine.run(ScriptEngine.java:194)
	at com.kms.katalon.core.main.ScriptEngine.runScriptAsRawText(ScriptEngine.java:119)
	at com.kms.katalon.core.main.TestCaseExecutor.runScript(TestCaseExecutor.java:339)
	at com.kms.katalon.core.main.TestCaseExecutor.doExecute(TestCaseExecutor.java:330)
	at com.kms.katalon.core.main.TestCaseExecutor.processExecutionPhase(TestCaseExecutor.java:309)
	at com.kms.katalon.core.main.TestCaseExecutor.accessMainPhase(TestCaseExecutor.java:301)
	at com.kms.katalon.core.main.TestCaseExecutor.execute(TestCaseExecutor.java:235)
	at com.kms.katalon.core.main.TestSuiteExecutor.accessTestCaseMainPhase(TestSuiteExecutor.java:191)
	at com.kms.katalon.core.main.TestSuiteExecutor.accessTestSuiteMainPhase(TestSuiteExecutor.java:141)
	at com.kms.katalon.core.main.TestSuiteExecutor.execute(TestSuiteExecutor.java:90)
	at com.kms.katalon.core.main.TestCaseMain.startTestSuite(TestCaseMain.java:157)
	at com.kms.katalon.core.main.TestCaseMain$startTestSuite$0.call(Unknown Source)
	at TempTestSuite1601553830097.run(TempTestSuite1601553830097.groovy:39)
Caused by: com.kms.katalon.core.webui.exception.WebElementNotFoundException: Web element with id: 'Object Repository/Sanity Test/ChiraghHomeUIpages/Page_Chiragh - Home/a_ARA(UAE)' located by '//div[@id='collapsibleNavbar']/ul/li[5]/div/ul/li/a' not found
	at com.kms.katalon.core.webui.common.WebUiCommonHelper.findWebElement(WebUiCommonHelper.java:1368)
	at com.kms.katalon.core.webui.keyword.internal.WebUIAbstractKeyword.findWebElement(WebUIAbstractKeyword.groovy:27)
	at com.kms.katalon.core.webui.keyword.internal.WebUIAbstractKeyword.findWebElement(WebUIAbstractKeyword.groovy:26)
	at com.kms.katalon.core.webui.keyword.builtin.ClickKeyword$_click_closure1.doCall(ClickKeyword.groovy:67)
	at com.kms.katalon.core.webui.keyword.builtin.ClickKeyword$_click_closure1.call(ClickKeyword.groovy)
	at com.kms.katalon.core.webui.keyword.internal.WebUIKeywordMain.runKeyword(WebUIKeywordMain.groovy:20)
	at com.kms.katalon.core.webui.keyword.builtin.ClickKeyword.click(ClickKeyword.groovy:76)
	at com.kms.katalon.core.webui.keyword.builtin.ClickKeyword.execute(ClickKeyword.groovy:43)
	at com.kms.katalon.core.keyword.internal.KeywordExecutor.executeKeywordForPlatform(KeywordExecutor.groovy:73)
	at com.kms.katalon.core.webui.keyword.WebUiBuiltInKeywords.click(WebUiBuiltInKeywords.groovy:617)
	at com.kms.katalon.core.webui.keyword.WebUiBuiltInKeywords$click$3.call(Unknown Source)
	at Script1589780499109.run(Script1589780499109.groovy:27)
	... 13 more
)

2020-10-01 17:07:13 - [MESSAGE][INFO] - Unable to find the element located by 'By.xpath: //div[@id='collapsibleNavbar']/ul/li[5]/div/ul/li/a'. Please recheck the objects properties to make sure the desired element is located. 

2020-10-01 17:07:14 - [MESSAGE][FAILED] - Unable to click on object 'Object Repository/Sanity Test/ChiraghHomeUIpages/Page_Chiragh - Home/a_ARA(UAE)' (Root cause: com.kms.katalon.core.exception.StepFailedException: Unable to click on object 'Object Repository/Sanity Test/ChiraghHomeUIpages/Page_Chiragh - Home/a_ARA(UAE)'
	at com.kms.katalon.core.webui.keyword.internal.WebUIKeywordMain.stepFailed(WebUIKeywordMain.groovy:64)
	at com.kms.katalon.core.webui.keyword.internal.WebUIKeywordMain.runKeyword(WebUIKeywordMain.groovy:26)
	at com.kms.katalon.core.webui.keyword.builtin.ClickKeyword.click(ClickKeyword.groovy:76)
	at com.kms.katalon.core.webui.keyword.builtin.ClickKeyword.execute(ClickKeyword.groovy:43)
	at com.kms.katalon.core.keyword.internal.KeywordExecutor.executeKeywordForPlatform(KeywordExecutor.groovy:73)
	at com.kms.katalon.core.webui.keyword.WebUiBuiltInKeywords.click(WebUiBuiltInKeywords.groovy:617)
	at com.kms.katalon.core.webui.keyword.WebUiBuiltInKeywords$click$3.call(Unknown Source)
	at Buy_mainLandingPage_2.run(Buy_mainLandingPage_2:27)
	at com.kms.katalon.core.main.ScriptEngine.run(ScriptEngine.java:194)
	at com.kms.katalon.core.main.ScriptEngine.runScriptAsRawText(ScriptEngine.java:119)
	at com.kms.katalon.core.main.TestCaseExecutor.runScript(TestCaseExecutor.java:339)
	at com.kms.katalon.core.main.TestCaseExecutor.doExecute(TestCaseExecutor.java:330)
	at com.kms.katalon.core.main.TestCaseExecutor.processExecutionPhase(TestCaseExecutor.java:309)
	at com.kms.katalon.core.main.TestCaseExecutor.accessMainPhase(TestCaseExecutor.java:301)
	at com.kms.katalon.core.main.TestCaseExecutor.execute(TestCaseExecutor.java:235)
	at com.kms.katalon.core.main.TestSuiteExecutor.accessTestCaseMainPhase(TestSuiteExecutor.java:191)
	at com.kms.katalon.core.main.TestSuiteExecutor.accessTestSuiteMainPhase(TestSuiteExecutor.java:141)
	at com.kms.katalon.core.main.TestSuiteExecutor.execute(TestSuiteExecutor.java:90)
	at com.kms.katalon.core.main.TestCaseMain.startTestSuite(TestCaseMain.java:157)
	at com.kms.katalon.core.main.TestCaseMain$startTestSuite$0.call(Unknown Source)
	at TempTestSuite1601553830097.run(TempTestSuite1601553830097.groovy:39)
Caused by: com.kms.katalon.core.webui.exception.WebElementNotFoundException: Web element with id: 'Object Repository/Sanity Test/ChiraghHomeUIpages/Page_Chiragh - Home/a_ARA(UAE)' located by '//div[@id='collapsibleNavbar']/ul/li[5]/div/ul/li/a' not found
	at com.kms.katalon.core.webui.common.WebUiCommonHelper.findWebElement(WebUiCommonHelper.java:1368)
	at com.kms.katalon.core.webui.keyword.internal.WebUIAbstractKeyword.findWebElement(WebUIAbstractKeyword.groovy:27)
	at com.kms.katalon.core.webui.keyword.internal.WebUIAbstractKeyword.findWebElement(WebUIAbstractKeyword.groovy:26)
	at com.kms.katalon.core.webui.keyword.builtin.ClickKeyword$_click_closure1.doCall(ClickKeyword.groovy:67)
	at com.kms.katalon.core.webui.keyword.builtin.ClickKeyword$_click_closure1.call(ClickKeyword.groovy)
	at com.kms.katalon.core.webui.keyword.internal.WebUIKeywordMain.runKeyword(WebUIKeywordMain.groovy:20)
	at com.kms.katalon.core.webui.keyword.builtin.ClickKeyword.click(ClickKeyword.groovy:76)
	at com.kms.katalon.core.webui.keyword.builtin.ClickKeyword.execute(ClickKeyword.groovy:43)
	at com.kms.katalon.core.keyword.internal.KeywordExecutor.executeKeywordForPlatform(KeywordExecutor.groovy:73)
	at com.kms.katalon.core.webui.keyword.WebUiBuiltInKeywords.click(WebUiBuiltInKeywords.groovy:617)
	at com.kms.katalon.core.webui.keyword.WebUiBuiltInKeywords$click$3.call(Unknown Source)
	at Script1589780499109.run(Script1589780499109.groovy:27)
	... 13 more
)
[[ATTACHMENT|C:\\Users\\hp\\git\\chiraghAdminPanel\\Reports\\20201001_170350\\SanityTests\\SanityTest\\20201001_170350\\1601554033528.png]]

2020-10-01 17:07:16 - [TEST_STEP][PASSED] - Video: Video recording for test case 'Test Cases/Sanity Tests/Buy_mainLandingPage_2' .

2020-10-01 17:07:16 - [MESSAGE][INFO] - Video recording for test case 'Test Cases/Sanity Tests/Buy_mainLandingPage_2' .
[[ATTACHMENT|C:\Users\hp\git\chiraghAdminPanel\Reports\20201001_170350\SanityTests\SanityTest\20201001_170350/videos\test_2.mov]]]]></system-out>
         <system-err><![CDATA[2020-10-01 17:06:23 - [TEST_CASE][FAILED] - Test Cases/Sanity Tests/Buy_mainLandingPage_2: Test Cases/Sanity Tests/Buy_mainLandingPage_2 FAILED.
Reason:
com.kms.katalon.core.exception.StepFailedException: Unable to click on object 'Object Repository/Sanity Test/ChiraghHomeUIpages/Page_Chiragh - Home/a_ARA(UAE)'
	at com.kms.katalon.core.webui.keyword.internal.WebUIKeywordMain.stepFailed(WebUIKeywordMain.groovy:64)
	at com.kms.katalon.core.webui.keyword.internal.WebUIKeywordMain.runKeyword(WebUIKeywordMain.groovy:26)
	at com.kms.katalon.core.webui.keyword.builtin.ClickKeyword.click(ClickKeyword.groovy:76)
	at com.kms.katalon.core.webui.keyword.builtin.ClickKeyword.execute(ClickKeyword.groovy:43)
	at com.kms.katalon.core.keyword.internal.KeywordExecutor.executeKeywordForPlatform(KeywordExecutor.groovy:73)
	at com.kms.katalon.core.webui.keyword.WebUiBuiltInKeywords.click(WebUiBuiltInKeywords.groovy:617)
	at com.kms.katalon.core.webui.keyword.WebUiBuiltInKeywords$click$3.call(Unknown Source)
	at Buy_mainLandingPage_2.run(Buy_mainLandingPage_2:27)
	at com.kms.katalon.core.main.ScriptEngine.run(ScriptEngine.java:194)
	at com.kms.katalon.core.main.ScriptEngine.runScriptAsRawText(ScriptEngine.java:119)
	at com.kms.katalon.core.main.TestCaseExecutor.runScript(TestCaseExecutor.java:339)
	at com.kms.katalon.core.main.TestCaseExecutor.doExecute(TestCaseExecutor.java:330)
	at com.kms.katalon.core.main.TestCaseExecutor.processExecutionPhase(TestCaseExecutor.java:309)
	at com.kms.katalon.core.main.TestCaseExecutor.accessMainPhase(TestCaseExecutor.java:301)
	at com.kms.katalon.core.main.TestCaseExecutor.execute(TestCaseExecutor.java:235)
	at com.kms.katalon.core.main.TestSuiteExecutor.accessTestCaseMainPhase(TestSuiteExecutor.java:191)
	at com.kms.katalon.core.main.TestSuiteExecutor.accessTestSuiteMainPhase(TestSuiteExecutor.java:141)
	at com.kms.katalon.core.main.TestSuiteExecutor.execute(TestSuiteExecutor.java:90)
	at com.kms.katalon.core.main.TestCaseMain.startTestSuite(TestCaseMain.java:157)
	at com.kms.katalon.core.main.TestCaseMain$startTestSuite$0.call(Unknown Source)
	at TempTestSuite1601553830097.run(TempTestSuite1601553830097.groovy:39)
Caused by: com.kms.katalon.core.webui.exception.WebElementNotFoundException: Web element with id: 'Object Repository/Sanity Test/ChiraghHomeUIpages/Page_Chiragh - Home/a_ARA(UAE)' located by '//div[@id='collapsibleNavbar']/ul/li[5]/div/ul/li/a' not found
	at com.kms.katalon.core.webui.common.WebUiCommonHelper.findWebElement(WebUiCommonHelper.java:1368)
	at com.kms.katalon.core.webui.keyword.internal.WebUIAbstractKeyword.findWebElement(WebUIAbstractKeyword.groovy:27)
	at com.kms.katalon.core.webui.keyword.internal.WebUIAbstractKeyword.findWebElement(WebUIAbstractKeyword.groovy:26)
	at com.kms.katalon.core.webui.keyword.builtin.ClickKeyword$_click_closure1.doCall(ClickKeyword.groovy:67)
	at com.kms.katalon.core.webui.keyword.builtin.ClickKeyword$_click_closure1.call(ClickKeyword.groovy)
	at com.kms.katalon.core.webui.keyword.internal.WebUIKeywordMain.runKeyword(WebUIKeywordMain.groovy:20)
	... 19 more]]></system-err>
      </testcase>
      <testcase name="Test Cases/Sanity Tests/Buy_Property_Click(BuyTab)_4" time="29.287" classname="Test Cases/Sanity Tests/Buy_Property_Click(BuyTab)_4" status="FAILED">
         <failure type="FAILED" message="Test Cases/Sanity Tests/Buy_Property_Click(BuyTab)_4 FAILED.
Reason:
com.kms.katalon.core.exception.StepFailedException: Unable to verify object 'Object Repository/Sanity Test/BuyerPropertyTab/Page_Chiragh - Buy Property/p_hundreds of registered users have placed _b9b8bc' is present
	at com.kms.katalon.core.webui.keyword.internal.WebUIKeywordMain.stepFailed(WebUIKeywordMain.groovy:64)
	at com.kms.katalon.core.webui.keyword.internal.WebUIKeywordMain.runKeyword(WebUIKeywordMain.groovy:26)
	at com.kms.katalon.core.webui.keyword.builtin.VerifyElementPresentKeyword.verifyElementPresent(VerifyElementPresentKeyword.groovy:92)
	at com.kms.katalon.core.webui.keyword.builtin.VerifyElementPresentKeyword.execute(VerifyElementPresentKeyword.groovy:68)
	at com.kms.katalon.core.keyword.internal.KeywordExecutor.executeKeywordForPlatform(KeywordExecutor.groovy:73)
	at com.kms.katalon.core.webui.keyword.WebUiBuiltInKeywords.verifyElementPresent(WebUiBuiltInKeywords.groovy:1461)
	at com.kms.katalon.core.webui.keyword.WebUiBuiltInKeywords$verifyElementPresent$10.call(Unknown Source)
	at Buy_Property_Click(BuyTab)_4.run(Buy_Property_Click(BuyTab)_4:27)
	at com.kms.katalon.core.main.ScriptEngine.run(ScriptEngine.java:194)
	at com.kms.katalon.core.main.ScriptEngine.runScriptAsRawText(ScriptEngine.java:119)
	at com.kms.katalon.core.main.TestCaseExecutor.runScript(TestCaseExecutor.java:339)
	at com.kms.katalon.core.main.TestCaseExecutor.doExecute(TestCaseExecutor.java:330)
	at com.kms.katalon.core.main.TestCaseExecutor.processExecutionPhase(TestCaseExecutor.java:309)
	at com.kms.katalon.core.main.TestCaseExecutor.accessMainPhase(TestCaseExecutor.java:301)
	at com.kms.katalon.core.main.TestCaseExecutor.execute(TestCaseExecutor.java:235)
	at com.kms.katalon.core.main.TestSuiteExecutor.accessTestCaseMainPhase(TestSuiteExecutor.java:191)
	at com.kms.katalon.core.main.TestSuiteExecutor.accessTestSuiteMainPhase(TestSuiteExecutor.java:141)
	at com.kms.katalon.core.main.TestSuiteExecutor.execute(TestSuiteExecutor.java:90)
	at com.kms.katalon.core.main.TestCaseMain.startTestSuite(TestCaseMain.java:157)
	at com.kms.katalon.core.main.TestCaseMain$startTestSuite$0.call(Unknown Source)
	at TempTestSuite1601553830097.run(TempTestSuite1601553830097.groovy:39)
Caused by: com.kms.katalon.core.exception.StepFailedException: com.kms.katalon.core.webui.exception.WebElementNotFoundException: Web element with id: 'Object Repository/Sanity Test/BuyerPropertyTab/Page_Chiragh - Buy Property/p_hundreds of registered users have placed _b9b8bc' located by '(.//*[normalize-space(text()) and normalize-space(.)='We Build Trust'])[1]/following::p[1]' not found
	at com.kms.katalon.core.webui.keyword.internal.WebUIKeywordMain.stepFailed(WebUIKeywordMain.groovy:64)
	at com.kms.katalon.core.webui.keyword.builtin.VerifyElementPresentKeyword$_verifyElementPresent_closure1.doCall(VerifyElementPresentKeyword.groovy:85)
	at com.kms.katalon.core.webui.keyword.builtin.VerifyElementPresentKeyword$_verifyElementPresent_closure1.call(VerifyElementPresentKeyword.groovy)
	at com.kms.katalon.core.webui.keyword.internal.WebUIKeywordMain.runKeyword(WebUIKeywordMain.groovy:20)
	... 19 more
"/>
         <system-out><![CDATA[2020-10-01 17:07:16 - [TEST_CASE][FAILED] - Test Cases/Sanity Tests/Buy_Property_Click(BuyTab)_4: Test Cases/Sanity Tests/Buy_Property_Click(BuyTab)_4 FAILED.
Reason:
com.kms.katalon.core.exception.StepFailedException: Unable to verify object 'Object Repository/Sanity Test/BuyerPropertyTab/Page_Chiragh - Buy Property/p_hundreds of registered users have placed _b9b8bc' is present
	at com.kms.katalon.core.webui.keyword.internal.WebUIKeywordMain.stepFailed(WebUIKeywordMain.groovy:64)
	at com.kms.katalon.core.webui.keyword.internal.WebUIKeywordMain.runKeyword(WebUIKeywordMain.groovy:26)
	at com.kms.katalon.core.webui.keyword.builtin.VerifyElementPresentKeyword.verifyElementPresent(VerifyElementPresentKeyword.groovy:92)
	at com.kms.katalon.core.webui.keyword.builtin.VerifyElementPresentKeyword.execute(VerifyElementPresentKeyword.groovy:68)
	at com.kms.katalon.core.keyword.internal.KeywordExecutor.executeKeywordForPlatform(KeywordExecutor.groovy:73)
	at com.kms.katalon.core.webui.keyword.WebUiBuiltInKeywords.verifyElementPresent(WebUiBuiltInKeywords.groovy:1461)
	at com.kms.katalon.core.webui.keyword.WebUiBuiltInKeywords$verifyElementPresent$10.call(Unknown Source)
	at Buy_Property_Click(BuyTab)_4.run(Buy_Property_Click(BuyTab)_4:27)
	at com.kms.katalon.core.main.ScriptEngine.run(ScriptEngine.java:194)
	at com.kms.katalon.core.main.ScriptEngine.runScriptAsRawText(ScriptEngine.java:119)
	at com.kms.katalon.core.main.TestCaseExecutor.runScript(TestCaseExecutor.java:339)
	at com.kms.katalon.core.main.TestCaseExecutor.doExecute(TestCaseExecutor.java:330)
	at com.kms.katalon.core.main.TestCaseExecutor.processExecutionPhase(TestCaseExecutor.java:309)
	at com.kms.katalon.core.main.TestCaseExecutor.accessMainPhase(TestCaseExecutor.java:301)
	at com.kms.katalon.core.main.TestCaseExecutor.execute(TestCaseExecutor.java:235)
	at com.kms.katalon.core.main.TestSuiteExecutor.accessTestCaseMainPhase(TestSuiteExecutor.java:191)
	at com.kms.katalon.core.main.TestSuiteExecutor.accessTestSuiteMainPhase(TestSuiteExecutor.java:141)
	at com.kms.katalon.core.main.TestSuiteExecutor.execute(TestSuiteExecutor.java:90)
	at com.kms.katalon.core.main.TestCaseMain.startTestSuite(TestCaseMain.java:157)
	at com.kms.katalon.core.main.TestCaseMain$startTestSuite$0.call(Unknown Source)
	at TempTestSuite1601553830097.run(TempTestSuite1601553830097.groovy:39)
Caused by: com.kms.katalon.core.exception.StepFailedException: com.kms.katalon.core.webui.exception.WebElementNotFoundException: Web element with id: 'Object Repository/Sanity Test/BuyerPropertyTab/Page_Chiragh - Buy Property/p_hundreds of registered users have placed _b9b8bc' located by '(.//*[normalize-space(text()) and normalize-space(.)='We Build Trust'])[1]/following::p[1]' not found
	at com.kms.katalon.core.webui.keyword.internal.WebUIKeywordMain.stepFailed(WebUIKeywordMain.groovy:64)
	at com.kms.katalon.core.webui.keyword.builtin.VerifyElementPresentKeyword$_verifyElementPresent_closure1.doCall(VerifyElementPresentKeyword.groovy:85)
	at com.kms.katalon.core.webui.keyword.builtin.VerifyElementPresentKeyword$_verifyElementPresent_closure1.call(VerifyElementPresentKeyword.groovy)
	at com.kms.katalon.core.webui.keyword.internal.WebUIKeywordMain.runKeyword(WebUIKeywordMain.groovy:20)
	... 19 more


2020-10-01 17:07:17 - [TEST_STEP][PASSED] - openBrowser(""): Browser is opened with url: ''

2020-10-01 17:07:17 - [MESSAGE][WARNING] - A browser is already opened. Closing browser and opening a new one

2020-10-01 17:07:18 - [MESSAGE][INFO] - Starting 'Chrome' driver

2020-10-01 17:07:18 - [MESSAGE][INFO] - Action delay is set to 0 milliseconds

2020-10-01 17:07:22 - [MESSAGE][PASSED] - Browser is opened with url: ''

2020-10-01 17:07:22 - [TEST_STEP][PASSED] - navigateToUrl(Url): Navigate to 'http://chiragh:AeBcm%231t@test.chiragh.com' successfully

2020-10-01 17:07:31 - [MESSAGE][PASSED] - Navigate to 'http://chiragh:AeBcm%231t@test.chiragh.com' successfully

2020-10-01 17:07:31 - [TEST_STEP][PASSED] - click(findTestObject("Object Repository/Sanity Test/BuyerPropertyTab/Page_Chiragh - Home/a_BUY")): Object: 'Object Repository/Sanity Test/BuyerPropertyTab/Page_Chiragh - Home/a_BUY' is clicked on

2020-10-01 17:07:33 - [MESSAGE][PASSED] - Object: 'Object Repository/Sanity Test/BuyerPropertyTab/Page_Chiragh - Home/a_BUY' is clicked on

2020-10-01 17:07:33 - [TEST_STEP][PASSED] - verifyElementPresent(findTestObject("Object Repository/Sanity Test/BuyerPropertyTab/Page_Chiragh - Buy Property/h1_We Build Trust"), 5): Object 'Object Repository/Sanity Test/BuyerPropertyTab/Page_Chiragh - Buy Property/h1_We Build Trust' is present

2020-10-01 17:07:36 - [MESSAGE][PASSED] - Object 'Object Repository/Sanity Test/BuyerPropertyTab/Page_Chiragh - Buy Property/h1_We Build Trust' is present

2020-10-01 17:07:36 - [TEST_STEP][FAILED] - verifyElementPresent(findTestObject("Object Repository/Sanity Test/BuyerPropertyTab/Page_Chiragh - Buy Property/p_hundreds of registered users have placed _b9b8bc"), 5): Unable to verify object 'Object Repository/Sanity Test/BuyerPropertyTab/Page_Chiragh - Buy Property/p_hundreds of registered users have placed _b9b8bc' is present (Root cause: com.kms.katalon.core.exception.StepFailedException: Unable to verify object 'Object Repository/Sanity Test/BuyerPropertyTab/Page_Chiragh - Buy Property/p_hundreds of registered users have placed _b9b8bc' is present
	at com.kms.katalon.core.webui.keyword.internal.WebUIKeywordMain.stepFailed(WebUIKeywordMain.groovy:64)
	at com.kms.katalon.core.webui.keyword.internal.WebUIKeywordMain.runKeyword(WebUIKeywordMain.groovy:26)
	at com.kms.katalon.core.webui.keyword.builtin.VerifyElementPresentKeyword.verifyElementPresent(VerifyElementPresentKeyword.groovy:92)
	at com.kms.katalon.core.webui.keyword.builtin.VerifyElementPresentKeyword.execute(VerifyElementPresentKeyword.groovy:68)
	at com.kms.katalon.core.keyword.internal.KeywordExecutor.executeKeywordForPlatform(KeywordExecutor.groovy:73)
	at com.kms.katalon.core.webui.keyword.WebUiBuiltInKeywords.verifyElementPresent(WebUiBuiltInKeywords.groovy:1461)
	at com.kms.katalon.core.webui.keyword.WebUiBuiltInKeywords$verifyElementPresent$10.call(Unknown Source)
	at Buy_Property_Click(BuyTab)_4.run(Buy_Property_Click(BuyTab)_4:27)
	at com.kms.katalon.core.main.ScriptEngine.run(ScriptEngine.java:194)
	at com.kms.katalon.core.main.ScriptEngine.runScriptAsRawText(ScriptEngine.java:119)
	at com.kms.katalon.core.main.TestCaseExecutor.runScript(TestCaseExecutor.java:339)
	at com.kms.katalon.core.main.TestCaseExecutor.doExecute(TestCaseExecutor.java:330)
	at com.kms.katalon.core.main.TestCaseExecutor.processExecutionPhase(TestCaseExecutor.java:309)
	at com.kms.katalon.core.main.TestCaseExecutor.accessMainPhase(TestCaseExecutor.java:301)
	at com.kms.katalon.core.main.TestCaseExecutor.execute(TestCaseExecutor.java:235)
	at com.kms.katalon.core.main.TestSuiteExecutor.accessTestCaseMainPhase(TestSuiteExecutor.java:191)
	at com.kms.katalon.core.main.TestSuiteExecutor.accessTestSuiteMainPhase(TestSuiteExecutor.java:141)
	at com.kms.katalon.core.main.TestSuiteExecutor.execute(TestSuiteExecutor.java:90)
	at com.kms.katalon.core.main.TestCaseMain.startTestSuite(TestCaseMain.java:157)
	at com.kms.katalon.core.main.TestCaseMain$startTestSuite$0.call(Unknown Source)
	at TempTestSuite1601553830097.run(TempTestSuite1601553830097.groovy:39)
Caused by: com.kms.katalon.core.exception.StepFailedException: com.kms.katalon.core.webui.exception.WebElementNotFoundException: Web element with id: 'Object Repository/Sanity Test/BuyerPropertyTab/Page_Chiragh - Buy Property/p_hundreds of registered users have placed _b9b8bc' located by '(.//*[normalize-space(text()) and normalize-space(.)='We Build Trust'])[1]/following::p[1]' not found
	at com.kms.katalon.core.webui.keyword.internal.WebUIKeywordMain.stepFailed(WebUIKeywordMain.groovy:64)
	at com.kms.katalon.core.webui.keyword.builtin.VerifyElementPresentKeyword$_verifyElementPresent_closure1.doCall(VerifyElementPresentKeyword.groovy:85)
	at com.kms.katalon.core.webui.keyword.builtin.VerifyElementPresentKeyword$_verifyElementPresent_closure1.call(VerifyElementPresentKeyword.groovy)
	at com.kms.katalon.core.webui.keyword.internal.WebUIKeywordMain.runKeyword(WebUIKeywordMain.groovy:20)
	... 19 more
)

2020-10-01 17:07:42 - [MESSAGE][INFO] - Unable to find the element located by 'By.xpath: (.//*[normalize-space(text()) and normalize-space(.)='We Build Trust'])[1]/following::p[1]'. Please recheck the objects properties to make sure the desired element is located. 

2020-10-01 17:07:43 - [MESSAGE][FAILED] - com.kms.katalon.core.webui.exception.WebElementNotFoundException: Web element with id: 'Object Repository/Sanity Test/BuyerPropertyTab/Page_Chiragh - Buy Property/p_hundreds of registered users have placed _b9b8bc' located by '(.//*[normalize-space(text()) and normalize-space(.)='We Build Trust'])[1]/following::p[1]' not found (Root cause: com.kms.katalon.core.exception.StepFailedException: com.kms.katalon.core.webui.exception.WebElementNotFoundException: Web element with id: 'Object Repository/Sanity Test/BuyerPropertyTab/Page_Chiragh - Buy Property/p_hundreds of registered users have placed _b9b8bc' located by '(.//*[normalize-space(text()) and normalize-space(.)='We Build Trust'])[1]/following::p[1]' not found
	at com.kms.katalon.core.webui.keyword.internal.WebUIKeywordMain.stepFailed(WebUIKeywordMain.groovy:64)
	at com.kms.katalon.core.webui.keyword.builtin.VerifyElementPresentKeyword$_verifyElementPresent_closure1.doCall(VerifyElementPresentKeyword.groovy:85)
	at com.kms.katalon.core.webui.keyword.builtin.VerifyElementPresentKeyword$_verifyElementPresent_closure1.call(VerifyElementPresentKeyword.groovy)
	at com.kms.katalon.core.webui.keyword.internal.WebUIKeywordMain.runKeyword(WebUIKeywordMain.groovy:20)
	at com.kms.katalon.core.webui.keyword.builtin.VerifyElementPresentKeyword.verifyElementPresent(VerifyElementPresentKeyword.groovy:92)
	at com.kms.katalon.core.webui.keyword.builtin.VerifyElementPresentKeyword.execute(VerifyElementPresentKeyword.groovy:68)
	at com.kms.katalon.core.keyword.internal.KeywordExecutor.executeKeywordForPlatform(KeywordExecutor.groovy:73)
	at com.kms.katalon.core.webui.keyword.WebUiBuiltInKeywords.verifyElementPresent(WebUiBuiltInKeywords.groovy:1461)
	at com.kms.katalon.core.webui.keyword.WebUiBuiltInKeywords$verifyElementPresent$10.call(Unknown Source)
	at Buy_Property_Click(BuyTab)_4.run(Buy_Property_Click(BuyTab)_4:27)
	at com.kms.katalon.core.main.ScriptEngine.run(ScriptEngine.java:194)
	at com.kms.katalon.core.main.ScriptEngine.runScriptAsRawText(ScriptEngine.java:119)
	at com.kms.katalon.core.main.TestCaseExecutor.runScript(TestCaseExecutor.java:339)
	at com.kms.katalon.core.main.TestCaseExecutor.doExecute(TestCaseExecutor.java:330)
	at com.kms.katalon.core.main.TestCaseExecutor.processExecutionPhase(TestCaseExecutor.java:309)
	at com.kms.katalon.core.main.TestCaseExecutor.accessMainPhase(TestCaseExecutor.java:301)
	at com.kms.katalon.core.main.TestCaseExecutor.execute(TestCaseExecutor.java:235)
	at com.kms.katalon.core.main.TestSuiteExecutor.accessTestCaseMainPhase(TestSuiteExecutor.java:191)
	at com.kms.katalon.core.main.TestSuiteExecutor.accessTestSuiteMainPhase(TestSuiteExecutor.java:141)
	at com.kms.katalon.core.main.TestSuiteExecutor.execute(TestSuiteExecutor.java:90)
	at com.kms.katalon.core.main.TestCaseMain.startTestSuite(TestCaseMain.java:157)
	at com.kms.katalon.core.main.TestCaseMain$startTestSuite$0.call(Unknown Source)
	at TempTestSuite1601553830097.run(TempTestSuite1601553830097.groovy:39)
)
[[ATTACHMENT|C:\\Users\\hp\\git\\chiraghAdminPanel\\Reports\\20201001_170350\\SanityTests\\SanityTest\\20201001_170350\\1601554062508.png]]

2020-10-01 17:07:43 - [MESSAGE][FAILED] - Unable to verify object 'Object Repository/Sanity Test/BuyerPropertyTab/Page_Chiragh - Buy Property/p_hundreds of registered users have placed _b9b8bc' is present (Root cause: com.kms.katalon.core.exception.StepFailedException: Unable to verify object 'Object Repository/Sanity Test/BuyerPropertyTab/Page_Chiragh - Buy Property/p_hundreds of registered users have placed _b9b8bc' is present
	at com.kms.katalon.core.webui.keyword.internal.WebUIKeywordMain.stepFailed(WebUIKeywordMain.groovy:64)
	at com.kms.katalon.core.webui.keyword.internal.WebUIKeywordMain.runKeyword(WebUIKeywordMain.groovy:26)
	at com.kms.katalon.core.webui.keyword.builtin.VerifyElementPresentKeyword.verifyElementPresent(VerifyElementPresentKeyword.groovy:92)
	at com.kms.katalon.core.webui.keyword.builtin.VerifyElementPresentKeyword.execute(VerifyElementPresentKeyword.groovy:68)
	at com.kms.katalon.core.keyword.internal.KeywordExecutor.executeKeywordForPlatform(KeywordExecutor.groovy:73)
	at com.kms.katalon.core.webui.keyword.WebUiBuiltInKeywords.verifyElementPresent(WebUiBuiltInKeywords.groovy:1461)
	at com.kms.katalon.core.webui.keyword.WebUiBuiltInKeywords$verifyElementPresent$10.call(Unknown Source)
	at Buy_Property_Click(BuyTab)_4.run(Buy_Property_Click(BuyTab)_4:27)
	at com.kms.katalon.core.main.ScriptEngine.run(ScriptEngine.java:194)
	at com.kms.katalon.core.main.ScriptEngine.runScriptAsRawText(ScriptEngine.java:119)
	at com.kms.katalon.core.main.TestCaseExecutor.runScript(TestCaseExecutor.java:339)
	at com.kms.katalon.core.main.TestCaseExecutor.doExecute(TestCaseExecutor.java:330)
	at com.kms.katalon.core.main.TestCaseExecutor.processExecutionPhase(TestCaseExecutor.java:309)
	at com.kms.katalon.core.main.TestCaseExecutor.accessMainPhase(TestCaseExecutor.java:301)
	at com.kms.katalon.core.main.TestCaseExecutor.execute(TestCaseExecutor.java:235)
	at com.kms.katalon.core.main.TestSuiteExecutor.accessTestCaseMainPhase(TestSuiteExecutor.java:191)
	at com.kms.katalon.core.main.TestSuiteExecutor.accessTestSuiteMainPhase(TestSuiteExecutor.java:141)
	at com.kms.katalon.core.main.TestSuiteExecutor.execute(TestSuiteExecutor.java:90)
	at com.kms.katalon.core.main.TestCaseMain.startTestSuite(TestCaseMain.java:157)
	at com.kms.katalon.core.main.TestCaseMain$startTestSuite$0.call(Unknown Source)
	at TempTestSuite1601553830097.run(TempTestSuite1601553830097.groovy:39)
Caused by: com.kms.katalon.core.exception.StepFailedException: com.kms.katalon.core.webui.exception.WebElementNotFoundException: Web element with id: 'Object Repository/Sanity Test/BuyerPropertyTab/Page_Chiragh - Buy Property/p_hundreds of registered users have placed _b9b8bc' located by '(.//*[normalize-space(text()) and normalize-space(.)='We Build Trust'])[1]/following::p[1]' not found
	at com.kms.katalon.core.webui.keyword.internal.WebUIKeywordMain.stepFailed(WebUIKeywordMain.groovy:64)
	at com.kms.katalon.core.webui.keyword.builtin.VerifyElementPresentKeyword$_verifyElementPresent_closure1.doCall(VerifyElementPresentKeyword.groovy:85)
	at com.kms.katalon.core.webui.keyword.builtin.VerifyElementPresentKeyword$_verifyElementPresent_closure1.call(VerifyElementPresentKeyword.groovy)
	at com.kms.katalon.core.webui.keyword.internal.WebUIKeywordMain.runKeyword(WebUIKeywordMain.groovy:20)
	... 19 more
)
[[ATTACHMENT|C:\\Users\\hp\\git\\chiraghAdminPanel\\Reports\\20201001_170350\\SanityTests\\SanityTest\\20201001_170350\\1601554063161.png]]

2020-10-01 17:07:45 - [TEST_STEP][PASSED] - Video: Video recording for test case 'Test Cases/Sanity Tests/Buy_Property_Click(BuyTab)_4' .

2020-10-01 17:07:45 - [MESSAGE][INFO] - Video recording for test case 'Test Cases/Sanity Tests/Buy_Property_Click(BuyTab)_4' .
[[ATTACHMENT|C:\Users\hp\git\chiraghAdminPanel\Reports\20201001_170350\SanityTests\SanityTest\20201001_170350/videos\test_3.mov]]]]></system-out>
         <system-err><![CDATA[2020-10-01 17:07:16 - [TEST_CASE][FAILED] - Test Cases/Sanity Tests/Buy_Property_Click(BuyTab)_4: Test Cases/Sanity Tests/Buy_Property_Click(BuyTab)_4 FAILED.
Reason:
com.kms.katalon.core.exception.StepFailedException: Unable to verify object 'Object Repository/Sanity Test/BuyerPropertyTab/Page_Chiragh - Buy Property/p_hundreds of registered users have placed _b9b8bc' is present
	at com.kms.katalon.core.webui.keyword.internal.WebUIKeywordMain.stepFailed(WebUIKeywordMain.groovy:64)
	at com.kms.katalon.core.webui.keyword.internal.WebUIKeywordMain.runKeyword(WebUIKeywordMain.groovy:26)
	at com.kms.katalon.core.webui.keyword.builtin.VerifyElementPresentKeyword.verifyElementPresent(VerifyElementPresentKeyword.groovy:92)
	at com.kms.katalon.core.webui.keyword.builtin.VerifyElementPresentKeyword.execute(VerifyElementPresentKeyword.groovy:68)
	at com.kms.katalon.core.keyword.internal.KeywordExecutor.executeKeywordForPlatform(KeywordExecutor.groovy:73)
	at com.kms.katalon.core.webui.keyword.WebUiBuiltInKeywords.verifyElementPresent(WebUiBuiltInKeywords.groovy:1461)
	at com.kms.katalon.core.webui.keyword.WebUiBuiltInKeywords$verifyElementPresent$10.call(Unknown Source)
	at Buy_Property_Click(BuyTab)_4.run(Buy_Property_Click(BuyTab)_4:27)
	at com.kms.katalon.core.main.ScriptEngine.run(ScriptEngine.java:194)
	at com.kms.katalon.core.main.ScriptEngine.runScriptAsRawText(ScriptEngine.java:119)
	at com.kms.katalon.core.main.TestCaseExecutor.runScript(TestCaseExecutor.java:339)
	at com.kms.katalon.core.main.TestCaseExecutor.doExecute(TestCaseExecutor.java:330)
	at com.kms.katalon.core.main.TestCaseExecutor.processExecutionPhase(TestCaseExecutor.java:309)
	at com.kms.katalon.core.main.TestCaseExecutor.accessMainPhase(TestCaseExecutor.java:301)
	at com.kms.katalon.core.main.TestCaseExecutor.execute(TestCaseExecutor.java:235)
	at com.kms.katalon.core.main.TestSuiteExecutor.accessTestCaseMainPhase(TestSuiteExecutor.java:191)
	at com.kms.katalon.core.main.TestSuiteExecutor.accessTestSuiteMainPhase(TestSuiteExecutor.java:141)
	at com.kms.katalon.core.main.TestSuiteExecutor.execute(TestSuiteExecutor.java:90)
	at com.kms.katalon.core.main.TestCaseMain.startTestSuite(TestCaseMain.java:157)
	at com.kms.katalon.core.main.TestCaseMain$startTestSuite$0.call(Unknown Source)
	at TempTestSuite1601553830097.run(TempTestSuite1601553830097.groovy:39)
Caused by: com.kms.katalon.core.exception.StepFailedException: com.kms.katalon.core.webui.exception.WebElementNotFoundException: Web element with id: 'Object Repository/Sanity Test/BuyerPropertyTab/Page_Chiragh - Buy Property/p_hundreds of registered users have placed _b9b8bc' located by '(.//*[normalize-space(text()) and normalize-space(.)='We Build Trust'])[1]/following::p[1]' not found
	at com.kms.katalon.core.webui.keyword.internal.WebUIKeywordMain.stepFailed(WebUIKeywordMain.groovy:64)
	at com.kms.katalon.core.webui.keyword.builtin.VerifyElementPresentKeyword$_verifyElementPresent_closure1.doCall(VerifyElementPresentKeyword.groovy:85)
	at com.kms.katalon.core.webui.keyword.builtin.VerifyElementPresentKeyword$_verifyElementPresent_closure1.call(VerifyElementPresentKeyword.groovy)
	at com.kms.katalon.core.webui.keyword.internal.WebUIKeywordMain.runKeyword(WebUIKeywordMain.groovy:20)
	... 19 more]]></system-err>
      </testcase>
      <testcase name="Test Cases/Sanity Tests/Chiragh_HomePages_UI" time="39.811" classname="Test Cases/Sanity Tests/Chiragh_HomePages_UI" status="FAILED">
         <failure type="FAILED" message="Test Cases/Sanity Tests/Chiragh_HomePages_UI FAILED.
Reason:
com.kms.katalon.core.exception.StepFailedException: Unable to click on object 'Object Repository/Sanity Test/ChiraghHomeUIpages/Page_Chiragh - Home/img'
	at com.kms.katalon.core.webui.keyword.internal.WebUIKeywordMain.stepFailed(WebUIKeywordMain.groovy:64)
	at com.kms.katalon.core.webui.keyword.internal.WebUIKeywordMain.runKeyword(WebUIKeywordMain.groovy:26)
	at com.kms.katalon.core.webui.keyword.builtin.ClickKeyword.click(ClickKeyword.groovy:76)
	at com.kms.katalon.core.webui.keyword.builtin.ClickKeyword.execute(ClickKeyword.groovy:43)
	at com.kms.katalon.core.keyword.internal.KeywordExecutor.executeKeywordForPlatform(KeywordExecutor.groovy:73)
	at com.kms.katalon.core.webui.keyword.WebUiBuiltInKeywords.click(WebUiBuiltInKeywords.groovy:617)
	at com.kms.katalon.core.webui.keyword.WebUiBuiltInKeywords$click$3.call(Unknown Source)
	at Chiragh_HomePages_UI.run(Chiragh_HomePages_UI:23)
	at com.kms.katalon.core.main.ScriptEngine.run(ScriptEngine.java:194)
	at com.kms.katalon.core.main.ScriptEngine.runScriptAsRawText(ScriptEngine.java:119)
	at com.kms.katalon.core.main.TestCaseExecutor.runScript(TestCaseExecutor.java:339)
	at com.kms.katalon.core.main.TestCaseExecutor.doExecute(TestCaseExecutor.java:330)
	at com.kms.katalon.core.main.TestCaseExecutor.processExecutionPhase(TestCaseExecutor.java:309)
	at com.kms.katalon.core.main.TestCaseExecutor.accessMainPhase(TestCaseExecutor.java:301)
	at com.kms.katalon.core.main.TestCaseExecutor.execute(TestCaseExecutor.java:235)
	at com.kms.katalon.core.main.TestSuiteExecutor.accessTestCaseMainPhase(TestSuiteExecutor.java:191)
	at com.kms.katalon.core.main.TestSuiteExecutor.accessTestSuiteMainPhase(TestSuiteExecutor.java:141)
	at com.kms.katalon.core.main.TestSuiteExecutor.execute(TestSuiteExecutor.java:90)
	at com.kms.katalon.core.main.TestCaseMain.startTestSuite(TestCaseMain.java:157)
	at com.kms.katalon.core.main.TestCaseMain$startTestSuite$0.call(Unknown Source)
	at TempTestSuite1601553830097.run(TempTestSuite1601553830097.groovy:39)
Caused by: com.kms.katalon.core.webui.exception.WebElementNotFoundException: Web element with id: 'Object Repository/Sanity Test/ChiraghHomeUIpages/Page_Chiragh - Home/img' located by '//nav[@id='banner']/div/a/img' not found
	at com.kms.katalon.core.webui.common.WebUiCommonHelper.findWebElement(WebUiCommonHelper.java:1368)
	at com.kms.katalon.core.webui.keyword.internal.WebUIAbstractKeyword.findWebElement(WebUIAbstractKeyword.groovy:27)
	at com.kms.katalon.core.webui.keyword.internal.WebUIAbstractKeyword.findWebElement(WebUIAbstractKeyword.groovy:26)
	at com.kms.katalon.core.webui.keyword.builtin.ClickKeyword$_click_closure1.doCall(ClickKeyword.groovy:67)
	at com.kms.katalon.core.webui.keyword.builtin.ClickKeyword$_click_closure1.call(ClickKeyword.groovy)
	at com.kms.katalon.core.webui.keyword.internal.WebUIKeywordMain.runKeyword(WebUIKeywordMain.groovy:20)
	... 19 more
"/>
         <system-out><![CDATA[2020-10-01 17:07:45 - [TEST_CASE][FAILED] - Test Cases/Sanity Tests/Chiragh_HomePages_UI: Test Cases/Sanity Tests/Chiragh_HomePages_UI FAILED.
Reason:
com.kms.katalon.core.exception.StepFailedException: Unable to click on object 'Object Repository/Sanity Test/ChiraghHomeUIpages/Page_Chiragh - Home/img'
	at com.kms.katalon.core.webui.keyword.internal.WebUIKeywordMain.stepFailed(WebUIKeywordMain.groovy:64)
	at com.kms.katalon.core.webui.keyword.internal.WebUIKeywordMain.runKeyword(WebUIKeywordMain.groovy:26)
	at com.kms.katalon.core.webui.keyword.builtin.ClickKeyword.click(ClickKeyword.groovy:76)
	at com.kms.katalon.core.webui.keyword.builtin.ClickKeyword.execute(ClickKeyword.groovy:43)
	at com.kms.katalon.core.keyword.internal.KeywordExecutor.executeKeywordForPlatform(KeywordExecutor.groovy:73)
	at com.kms.katalon.core.webui.keyword.WebUiBuiltInKeywords.click(WebUiBuiltInKeywords.groovy:617)
	at com.kms.katalon.core.webui.keyword.WebUiBuiltInKeywords$click$3.call(Unknown Source)
	at Chiragh_HomePages_UI.run(Chiragh_HomePages_UI:23)
	at com.kms.katalon.core.main.ScriptEngine.run(ScriptEngine.java:194)
	at com.kms.katalon.core.main.ScriptEngine.runScriptAsRawText(ScriptEngine.java:119)
	at com.kms.katalon.core.main.TestCaseExecutor.runScript(TestCaseExecutor.java:339)
	at com.kms.katalon.core.main.TestCaseExecutor.doExecute(TestCaseExecutor.java:330)
	at com.kms.katalon.core.main.TestCaseExecutor.processExecutionPhase(TestCaseExecutor.java:309)
	at com.kms.katalon.core.main.TestCaseExecutor.accessMainPhase(TestCaseExecutor.java:301)
	at com.kms.katalon.core.main.TestCaseExecutor.execute(TestCaseExecutor.java:235)
	at com.kms.katalon.core.main.TestSuiteExecutor.accessTestCaseMainPhase(TestSuiteExecutor.java:191)
	at com.kms.katalon.core.main.TestSuiteExecutor.accessTestSuiteMainPhase(TestSuiteExecutor.java:141)
	at com.kms.katalon.core.main.TestSuiteExecutor.execute(TestSuiteExecutor.java:90)
	at com.kms.katalon.core.main.TestCaseMain.startTestSuite(TestCaseMain.java:157)
	at com.kms.katalon.core.main.TestCaseMain$startTestSuite$0.call(Unknown Source)
	at TempTestSuite1601553830097.run(TempTestSuite1601553830097.groovy:39)
Caused by: com.kms.katalon.core.webui.exception.WebElementNotFoundException: Web element with id: 'Object Repository/Sanity Test/ChiraghHomeUIpages/Page_Chiragh - Home/img' located by '//nav[@id='banner']/div/a/img' not found
	at com.kms.katalon.core.webui.common.WebUiCommonHelper.findWebElement(WebUiCommonHelper.java:1368)
	at com.kms.katalon.core.webui.keyword.internal.WebUIAbstractKeyword.findWebElement(WebUIAbstractKeyword.groovy:27)
	at com.kms.katalon.core.webui.keyword.internal.WebUIAbstractKeyword.findWebElement(WebUIAbstractKeyword.groovy:26)
	at com.kms.katalon.core.webui.keyword.builtin.ClickKeyword$_click_closure1.doCall(ClickKeyword.groovy:67)
	at com.kms.katalon.core.webui.keyword.builtin.ClickKeyword$_click_closure1.call(ClickKeyword.groovy)
	at com.kms.katalon.core.webui.keyword.internal.WebUIKeywordMain.runKeyword(WebUIKeywordMain.groovy:20)
	... 19 more


2020-10-01 17:07:46 - [TEST_STEP][PASSED] - openBrowser(""): Browser is opened with url: ''

2020-10-01 17:07:46 - [MESSAGE][WARNING] - A browser is already opened. Closing browser and opening a new one

2020-10-01 17:07:47 - [MESSAGE][INFO] - Starting 'Chrome' driver

2020-10-01 17:07:47 - [MESSAGE][INFO] - Action delay is set to 0 milliseconds

2020-10-01 17:07:51 - [MESSAGE][PASSED] - Browser is opened with url: ''

2020-10-01 17:07:51 - [TEST_STEP][PASSED] - navigateToUrl("http://test.chiragh.com/"): Navigate to 'http://test.chiragh.com/' successfully

2020-10-01 17:07:52 - [MESSAGE][PASSED] - Navigate to 'http://test.chiragh.com/' successfully

2020-10-01 17:07:52 - [TEST_STEP][FAILED] - click(findTestObject("Object Repository/Sanity Test/ChiraghHomeUIpages/Page_Chiragh - Home/img")): Unable to click on object 'Object Repository/Sanity Test/ChiraghHomeUIpages/Page_Chiragh - Home/img' (Root cause: com.kms.katalon.core.exception.StepFailedException: Unable to click on object 'Object Repository/Sanity Test/ChiraghHomeUIpages/Page_Chiragh - Home/img'
	at com.kms.katalon.core.webui.keyword.internal.WebUIKeywordMain.stepFailed(WebUIKeywordMain.groovy:64)
	at com.kms.katalon.core.webui.keyword.internal.WebUIKeywordMain.runKeyword(WebUIKeywordMain.groovy:26)
	at com.kms.katalon.core.webui.keyword.builtin.ClickKeyword.click(ClickKeyword.groovy:76)
	at com.kms.katalon.core.webui.keyword.builtin.ClickKeyword.execute(ClickKeyword.groovy:43)
[...]
	at com.kms.katalon.core.webui.keyword.internal.WebUIKeywordMain.runKeyword(WebUIKeywordMain.groovy:26)
	at com.kms.katalon.core.webui.keyword.builtin.ClickKeyword.click(ClickKeyword.groovy:76)
	at com.kms.katalon.core.webui.keyword.builtin.ClickKeyword.execute(ClickKeyword.groovy:43)
	at com.kms.katalon.core.keyword.internal.KeywordExecutor.executeKeywordForPlatform(KeywordExecutor.groovy:73)
	at com.kms.katalon.core.webui.keyword.WebUiBuiltInKeywords.click(WebUiBuiltInKeywords.groovy:617)
	at com.kms.katalon.core.webui.keyword.WebUiBuiltInKeywords$click$3.call(Unknown Source)
	at TC_TopUP(USD)_005.run(TC_TopUP(USD)_005:48)
	at com.kms.katalon.core.main.ScriptEngine.run(ScriptEngine.java:194)
	at com.kms.katalon.core.main.ScriptEngine.runScriptAsRawText(ScriptEngine.java:119)
	at com.kms.katalon.core.main.TestCaseExecutor.runScript(TestCaseExecutor.java:339)
	at com.kms.katalon.core.main.TestCaseExecutor.doExecute(TestCaseExecutor.java:330)
	at com.kms.katalon.core.main.TestCaseExecutor.processExecutionPhase(TestCaseExecutor.java:309)
	at com.kms.katalon.core.main.TestCaseExecutor.accessMainPhase(TestCaseExecutor.java:301)
	at com.kms.katalon.core.main.TestCaseExecutor.execute(TestCaseExecutor.java:235)
	at com.kms.katalon.core.main.TestSuiteExecutor.accessTestCaseMainPhase(TestSuiteExecutor.java:191)
	at com.kms.katalon.core.main.TestSuiteExecutor.accessTestSuiteMainPhase(TestSuiteExecutor.java:141)
	at com.kms.katalon.core.main.TestSuiteExecutor.execute(TestSuiteExecutor.java:90)
	at com.kms.katalon.core.main.TestCaseMain.startTestSuite(TestCaseMain.java:157)
	at com.kms.katalon.core.main.TestCaseMain$startTestSuite$0.call(Unknown Source)
	at TempTestSuite1601553830097.run(TempTestSuite1601553830097.groovy:39)
Caused by: com.kms.katalon.core.webui.exception.WebElementNotFoundException: Web element with id: 'Object Repository/Front End Objects/TopUp(AED)/Page_Chiragh - User Account Summary/a_Make a Transaction' located by '//a[contains(text(),'Make a Transaction')]' not found
	at com.kms.katalon.core.webui.common.WebUiCommonHelper.findWebElement(WebUiCommonHelper.java:1368)
	at com.kms.katalon.core.webui.keyword.internal.WebUIAbstractKeyword.findWebElement(WebUIAbstractKeyword.groovy:27)
	at com.kms.katalon.core.webui.keyword.internal.WebUIAbstractKeyword.findWebElement(WebUIAbstractKeyword.groovy:26)
	at com.kms.katalon.core.webui.keyword.builtin.ClickKeyword$_click_closure1.doCall(ClickKeyword.groovy:67)
	at com.kms.katalon.core.webui.keyword.builtin.ClickKeyword$_click_closure1.call(ClickKeyword.groovy)
	at com.kms.katalon.core.webui.keyword.internal.WebUIKeywordMain.runKeyword(WebUIKeywordMain.groovy:20)
	... 19 more


2020-10-01 17:27:42 - [TEST_STEP][PASSED] - openBrowser(""): Browser is opened with url: ''

2020-10-01 17:27:42 - [MESSAGE][WARNING] - A browser is already opened. Closing browser and opening a new one

2020-10-01 17:27:43 - [MESSAGE][INFO] - Starting 'Chrome' driver

2020-10-01 17:27:43 - [MESSAGE][INFO] - Action delay is set to 0 milliseconds

2020-10-01 17:27:48 - [MESSAGE][PASSED] - Browser is opened with url: ''

2020-10-01 17:27:48 - [TEST_STEP][PASSED] - navigateToUrl(Url): Navigate to 'http://chiragh:AeBcm%231t@test.chiragh.com' successfully

2020-10-01 17:28:01 - [MESSAGE][PASSED] - Navigate to 'http://chiragh:AeBcm%231t@test.chiragh.com' successfully

2020-10-01 17:28:01 - [TEST_STEP][PASSED] - waitForPageLoad(15): Wait for page load successfully

2020-10-01 17:28:09 - [MESSAGE][PASSED] - Wait for page load successfully

2020-10-01 17:28:09 - [TEST_STEP][PASSED] - maximizeWindow(): Current window maximized

2020-10-01 17:28:11 - [MESSAGE][PASSED] - Current window maximized

2020-10-01 17:28:11 - [TEST_STEP][PASSED] - delay(3): Delayed 3 second(s)

2020-10-01 17:28:14 - [MESSAGE][PASSED] - Delayed 3 second(s)

2020-10-01 17:28:14 - [TEST_STEP][PASSED] - click(findTestObject("Object Repository/Front End Objects/LoginWithValidCredentials/Page_Chiragh - Home/a_ENG_dropdownMenuLink")): Object: 'Object Repository/Front End Objects/LoginWithValidCredentials/Page_Chiragh - Home/a_ENG_dropdownMenuLink' is clicked on

2020-10-01 17:28:15 - [MESSAGE][PASSED] - Object: 'Object Repository/Front End Objects/LoginWithValidCredentials/Page_Chiragh - Home/a_ENG_dropdownMenuLink' is clicked on

2020-10-01 17:28:15 - [TEST_STEP][PASSED] - click(findTestObject("Object Repository/Front End Objects/LoginWithValidCredentials/Page_Chiragh - Home/a_Login")): Object: 'Object Repository/Front End Objects/LoginWithValidCredentials/Page_Chiragh - Home/a_Login' is clicked on

2020-10-01 17:28:16 - [MESSAGE][PASSED] - Object: 'Object Repository/Front End Objects/LoginWithValidCredentials/Page_Chiragh - Home/a_Login' is clicked on

2020-10-01 17:28:16 - [TEST_STEP][PASSED] - setText(findTestObject("Object Repository/Front End Objects/LoginWithValidCredentials/Page_Chiragh - Login/input_Username_un"), userName): Text 'testbcm11%2bac@gmail.com' is set on object 'Object Repository/Front End Objects/LoginWithValidCredentials/Page_Chiragh - Login/input_Username_un'

2020-10-01 17:28:17 - [MESSAGE][PASSED] - Text 'testbcm11%2bac@gmail.com' is set on object 'Object Repository/Front End Objects/LoginWithValidCredentials/Page_Chiragh - Login/input_Username_un'

2020-10-01 17:28:17 - [TEST_STEP][PASSED] - setEncryptedText(findTestObject("Object Repository/Front End Objects/LoginWithValidCredentials/Page_Chiragh - Login/input_Password_userPassword"), "RigbBhfdqOBDK95asqKeHw=="): Text ****** has been set on object 'Object Repository/Front End Objects/LoginWithValidCredentials/Page_Chiragh - Login/input_Password_userPassword'

2020-10-01 17:28:18 - [MESSAGE][PASSED] - Text ****** has been set on object 'Object Repository/Front End Objects/LoginWithValidCredentials/Page_Chiragh - Login/input_Password_userPassword'

2020-10-01 17:28:18 - [TEST_STEP][PASSED] - click(findTestObject("Object Repository/Front End Objects/LoginWithValidCredentials/Page_Chiragh - Login/button_Log In")): Object: 'Object Repository/Front End Objects/LoginWithValidCredentials/Page_Chiragh - Login/button_Log In' is clicked on

2020-10-01 17:28:18 - [MESSAGE][PASSED] - Object: 'Object Repository/Front End Objects/LoginWithValidCredentials/Page_Chiragh - Login/button_Log In' is clicked on

2020-10-01 17:28:18 - [TEST_STEP][PASSED] - waitForPageLoad(15): Wait for page load successfully

2020-10-01 17:28:19 - [MESSAGE][PASSED] - Wait for page load successfully

2020-10-01 17:28:19 - [TEST_STEP][PASSED] - click(findTestObject("Object Repository/Front End Objects/LoginWithValidCredentials/Page_Chiragh - Home/a_a month ago_dropdownMenuLink")): Object: 'Object Repository/Front End Objects/LoginWithValidCredentials/Page_Chiragh - Home/a_a month ago_dropdownMenuLink' is clicked on

2020-10-01 17:28:22 - [MESSAGE][PASSED] - Object: 'Object Repository/Front End Objects/LoginWithValidCredentials/Page_Chiragh - Home/a_a month ago_dropdownMenuLink' is clicked on

2020-10-01 17:28:22 - [TEST_STEP][PASSED] - delay(5): Delayed 5 second(s)

2020-10-01 17:28:27 - [MESSAGE][PASSED] - Delayed 5 second(s)

2020-10-01 17:28:27 - [TEST_STEP][PASSED] - click(findTestObject("Object Repository/Front End Objects/LoginWithValidCredentials/Page_Chiragh - Home/a_HI AutoChiragh")): Object: 'Object Repository/Front End Objects/LoginWithValidCredentials/Page_Chiragh - Home/a_HI AutoChiragh' is clicked on

2020-10-01 17:28:28 - [MESSAGE][PASSED] - Object: 'Object Repository/Front End Objects/LoginWithValidCredentials/Page_Chiragh - Home/a_HI AutoChiragh' is clicked on

2020-10-01 17:28:28 - [TEST_STEP][PASSED] - click(findTestObject("Front End Objects/TopUp(AED)/Page_Chiragh - Dashborad Home/a_My Wallet")): Object: 'Object Repository/Front End Objects/TopUp(AED)/Page_Chiragh - Dashborad Home/a_My Wallet' is clicked on

2020-10-01 17:28:30 - [MESSAGE][PASSED] - Object: 'Object Repository/Front End Objects/TopUp(AED)/Page_Chiragh - Dashborad Home/a_My Wallet' is clicked on

2020-10-01 17:28:30 - [TEST_STEP][FAILED] - click(findTestObject("Front End Objects/TopUp(AED)/Page_Chiragh - User Account Summary/a_Make a Transaction")): Unable to click on object 'Object Repository/Front End Objects/TopUp(AED)/Page_Chiragh - User Account Summary/a_Make a Transaction' (Root cause: com.kms.katalon.core.exception.StepFailedException: Unable to click on object 'Object Repository/Front End Objects/TopUp(AED)/Page_Chiragh - User Account Summary/a_Make a Transaction'
	at com.kms.katalon.core.webui.keyword.internal.WebUIKeywordMain.stepFailed(WebUIKeywordMain.groovy:64)
	at com.kms.katalon.core.webui.keyword.internal.WebUIKeywordMain.runKeyword(WebUIKeywordMain.groovy:26)
	at com.kms.katalon.core.webui.keyword.builtin.ClickKeyword.click(ClickKeyword.groovy:76)
	at com.kms.katalon.core.webui.keyword.builtin.ClickKeyword.execute(ClickKeyword.groovy:43)
	at com.kms.katalon.core.keyword.internal.KeywordExecutor.executeKeywordForPlatform(KeywordExecutor.groovy:73)
	at com.kms.katalon.core.webui.keyword.WebUiBuiltInKeywords.click(WebUiBuiltInKeywords.groovy:617)
	at com.kms.katalon.core.webui.keyword.WebUiBuiltInKeywords$click$3.call(Unknown Source)
	at TC_TopUP(USD)_005.run(TC_TopUP(USD)_005:48)
	at com.kms.katalon.core.main.ScriptEngine.run(ScriptEngine.java:194)
	at com.kms.katalon.core.main.ScriptEngine.runScriptAsRawText(ScriptEngine.java:119)
	at com.kms.katalon.core.main.TestCaseExecutor.runScript(TestCaseExecutor.java:339)
	at com.kms.katalon.core.main.TestCaseExecutor.doExecute(TestCaseExecutor.java:330)
	at com.kms.katalon.core.main.TestCaseExecutor.processExecutionPhase(TestCaseExecutor.java:309)
	at com.kms.katalon.core.main.TestCaseExecutor.accessMainPhase(TestCaseExecutor.java:301)
	at com.kms.katalon.core.main.TestCaseExecutor.execute(TestCaseExecutor.java:235)
	at com.kms.katalon.core.main.TestSuiteExecutor.accessTestCaseMainPhase(TestSuiteExecutor.java:191)
	at com.kms.katalon.core.main.TestSuiteExecutor.accessTestSuiteMainPhase(TestSuiteExecutor.java:141)
	at com.kms.katalon.core.main.TestSuiteExecutor.execute(TestSuiteExecutor.java:90)
	at com.kms.katalon.core.main.TestCaseMain.startTestSuite(TestCaseMain.java:157)
	at com.kms.katalon.core.main.TestCaseMain$startTestSuite$0.call(Unknown Source)
	at TempTestSuite1601553830097.run(TempTestSuite1601553830097.groovy:39)
Caused by: com.kms.katalon.core.webui.exception.WebElementNotFoundException: Web element with id: 'Object Repository/Front End Objects/TopUp(AED)/Page_Chiragh - User Account Summary/a_Make a Transaction' located by '//a[contains(text(),'Make a Transaction')]' not found
	at com.kms.katalon.core.webui.common.WebUiCommonHelper.findWebElement(WebUiCommonHelper.java:1368)
	at com.kms.katalon.core.webui.keyword.internal.WebUIAbstractKeyword.findWebElement(WebUIAbstractKeyword.groovy:27)
	at com.kms.katalon.core.webui.keyword.internal.WebUIAbstractKeyword.findWebElement(WebUIAbstractKeyword.groovy:26)
	at com.kms.katalon.core.webui.keyword.builtin.ClickKeyword$_click_closure1.doCall(ClickKeyword.groovy:67)
	at com.kms.katalon.core.webui.keyword.builtin.ClickKeyword$_click_closure1.call(ClickKeyword.groovy)
	at com.kms.katalon.core.webui.keyword.internal.WebUIKeywordMain.runKeyword(WebUIKeywordMain.groovy:20)
	at com.kms.katalon.core.webui.keyword.builtin.ClickKeyword.click(ClickKeyword.groovy:76)
	at com.kms.katalon.core.webui.keyword.builtin.ClickKeyword.execute(ClickKeyword.groovy:43)
	at com.kms.katalon.core.keyword.internal.KeywordExecutor.executeKeywordForPlatform(KeywordExecutor.groovy:73)
	at com.kms.katalon.core.webui.keyword.WebUiBuiltInKeywords.click(WebUiBuiltInKeywords.groovy:617)
	at com.kms.katalon.core.webui.keyword.WebUiBuiltInKeywords$click$3.call(Unknown Source)
	at Script1585304284236.run(Script1585304284236.groovy:48)
	... 13 more
)

2020-10-01 17:29:01 - [MESSAGE][INFO] - Unable to find the element located by 'By.xpath: //a[contains(text(),'Make a Transaction')]'. Please recheck the objects properties to make sure the desired element is located. 

2020-10-01 17:29:01 - [MESSAGE][FAILED] - Unable to click on object 'Object Repository/Front End Objects/TopUp(AED)/Page_Chiragh - User Account Summary/a_Make a Transaction' (Root cause: com.kms.katalon.core.exception.StepFailedException: Unable to click on object 'Object Repository/Front End Objects/TopUp(AED)/Page_Chiragh - User Account Summary/a_Make a Transaction'
	at com.kms.katalon.core.webui.keyword.internal.WebUIKeywordMain.stepFailed(WebUIKeywordMain.groovy:64)
	at com.kms.katalon.core.webui.keyword.internal.WebUIKeywordMain.runKeyword(WebUIKeywordMain.groovy:26)
	at com.kms.katalon.core.webui.keyword.builtin.ClickKeyword.click(ClickKeyword.groovy:76)
	at com.kms.katalon.core.webui.keyword.builtin.ClickKeyword.execute(ClickKeyword.groovy:43)
	at com.kms.katalon.core.keyword.internal.KeywordExecutor.executeKeywordForPlatform(KeywordExecutor.groovy:73)
	at com.kms.katalon.core.webui.keyword.WebUiBuiltInKeywords.click(WebUiBuiltInKeywords.groovy:617)
	at com.kms.katalon.core.webui.keyword.WebUiBuiltInKeywords$click$3.call(Unknown Source)
	at TC_TopUP(USD)_005.run(TC_TopUP(USD)_005:48)
	at com.kms.katalon.core.main.ScriptEngine.run(ScriptEngine.java:194)
	at com.kms.katalon.core.main.ScriptEngine.runScriptAsRawText(ScriptEngine.java:119)
	at com.kms.katalon.core.main.TestCaseExecutor.runScript(TestCaseExecutor.java:339)
	at com.kms.katalon.core.main.TestCaseExecutor.doExecute(TestCaseExecutor.java:330)
	at com.kms.katalon.core.main.TestCaseExecutor.processExecutionPhase(TestCaseExecutor.java:309)
	at com.kms.katalon.core.main.TestCaseExecutor.accessMainPhase(TestCaseExecutor.java:301)
	at com.kms.katalon.core.main.TestCaseExecutor.execute(TestCaseExecutor.java:235)
	at com.kms.katalon.core.main.TestSuiteExecutor.accessTestCaseMainPhase(TestSuiteExecutor.java:191)
	at com.kms.katalon.core.main.TestSuiteExecutor.accessTestSuiteMainPhase(TestSuiteExecutor.java:141)
	at com.kms.katalon.core.main.TestSuiteExecutor.execute(TestSuiteExecutor.java:90)
	at com.kms.katalon.core.main.TestCaseMain.startTestSuite(TestCaseMain.java:157)
	at com.kms.katalon.core.main.TestCaseMain$startTestSuite$0.call(Unknown Source)
	at TempTestSuite1601553830097.run(TempTestSuite1601553830097.groovy:39)
Caused by: com.kms.katalon.core.webui.exception.WebElementNotFoundException: Web element with id: 'Object Repository/Front End Objects/TopUp(AED)/Page_Chiragh - User Account Summary/a_Make a Transaction' located by '//a[contains(text(),'Make a Transaction')]' not found
	at com.kms.katalon.core.webui.common.WebUiCommonHelper.findWebElement(WebUiCommonHelper.java:1368)
	at com.kms.katalon.core.webui.keyword.internal.WebUIAbstractKeyword.findWebElement(WebUIAbstractKeyword.groovy:27)
	at com.kms.katalon.core.webui.keyword.internal.WebUIAbstractKeyword.findWebElement(WebUIAbstractKeyword.groovy:26)
	at com.kms.katalon.core.webui.keyword.builtin.ClickKeyword$_click_closure1.doCall(ClickKeyword.groovy:67)
	at com.kms.katalon.core.webui.keyword.builtin.ClickKeyword$_click_closure1.call(ClickKeyword.groovy)
	at com.kms.katalon.core.webui.keyword.internal.WebUIKeywordMain.runKeyword(WebUIKeywordMain.groovy:20)
	at com.kms.katalon.core.webui.keyword.builtin.ClickKeyword.click(ClickKeyword.groovy:76)
	at com.kms.katalon.core.webui.keyword.builtin.ClickKeyword.execute(ClickKeyword.groovy:43)
	at com.kms.katalon.core.keyword.internal.KeywordExecutor.executeKeywordForPlatform(KeywordExecutor.groovy:73)
	at com.kms.katalon.core.webui.keyword.WebUiBuiltInKeywords.click(WebUiBuiltInKeywords.groovy:617)
	at com.kms.katalon.core.webui.keyword.WebUiBuiltInKeywords$click$3.call(Unknown Source)
	at Script1585304284236.run(Script1585304284236.groovy:48)
	... 13 more
)
[[ATTACHMENT|C:\\Users\\hp\\git\\chiraghAdminPanel\\Reports\\20201001_170350\\SanityTests\\SanityTest\\20201001_170350\\1601555341261.png]]

2020-10-01 17:29:03 - [TEST_STEP][PASSED] - Video: Video recording for test case 'Test Cases/Front End/TC_TopUP(USD)_005' .

2020-10-01 17:29:03 - [MESSAGE][INFO] - Video recording for test case 'Test Cases/Front End/TC_TopUP(USD)_005' .
[[ATTACHMENT|C:\Users\hp\git\chiraghAdminPanel\Reports\20201001_170350\SanityTests\SanityTest\20201001_170350/videos\test_19.mov]]]]></system-out>
         <system-err><![CDATA[2020-10-01 17:27:42 - [TEST_CASE][FAILED] - Test Cases/Front End/TC_TopUP(USD)_005: Test Cases/Front End/TC_TopUP(USD)_005 FAILED.
Reason:
com.kms.katalon.core.exception.StepFailedException: Unable to click on object 'Object Repository/Front End Objects/TopUp(AED)/Page_Chiragh - User Account Summary/a_Make a Transaction'
	at com.kms.katalon.core.webui.keyword.internal.WebUIKeywordMain.stepFailed(WebUIKeywordMain.groovy:64)
	at com.kms.katalon.core.webui.keyword.internal.WebUIKeywordMain.runKeyword(WebUIKeywordMain.groovy:26)
	at com.kms.katalon.core.webui.keyword.builtin.ClickKeyword.click(ClickKeyword.groovy:76)
	at com.kms.katalon.core.webui.keyword.builtin.ClickKeyword.execute(ClickKeyword.groovy:43)
	at com.kms.katalon.core.keyword.internal.KeywordExecutor.executeKeywordForPlatform(KeywordExecutor.groovy:73)
	at com.kms.katalon.core.webui.keyword.WebUiBuiltInKeywords.click(WebUiBuiltInKeywords.groovy:617)
	at com.kms.katalon.core.webui.keyword.WebUiBuiltInKeywords$click$3.call(Unknown Source)
	at TC_TopUP(USD)_005.run(TC_TopUP(USD)_005:48)
	at com.kms.katalon.core.main.ScriptEngine.run(ScriptEngine.java:194)
	at com.kms.katalon.core.main.ScriptEngine.runScriptAsRawText(ScriptEngine.java:119)
	at com.kms.katalon.core.main.TestCaseExecutor.runScript(TestCaseExecutor.java:339)
	at com.kms.katalon.core.main.TestCaseExecutor.doExecute(TestCaseExecutor.java:330)
	at com.kms.katalon.core.main.TestCaseExecutor.processExecutionPhase(TestCaseExecutor.java:309)
	at com.kms.katalon.core.main.TestCaseExecutor.accessMainPhase(TestCaseExecutor.java:301)
	at com.kms.katalon.core.main.TestCaseExecutor.execute(TestCaseExecutor.java:235)
	at com.kms.katalon.core.main.TestSuiteExecutor.accessTestCaseMainPhase(TestSuiteExecutor.java:191)
	at com.kms.katalon.core.main.TestSuiteExecutor.accessTestSuiteMainPhase(TestSuiteExecutor.java:141)
	at com.kms.katalon.core.main.TestSuiteExecutor.execute(TestSuiteExecutor.java:90)
	at com.kms.katalon.core.main.TestCaseMain.startTestSuite(TestCaseMain.java:157)
	at com.kms.katalon.core.main.TestCaseMain$startTestSuite$0.call(Unknown Source)
	at TempTestSuite1601553830097.run(TempTestSuite1601553830097.groovy:39)
Caused by: com.kms.katalon.core.webui.exception.WebElementNotFoundException: Web element with id: 'Object Repository/Front End Objects/TopUp(AED)/Page_Chiragh - User Account Summary/a_Make a Transaction' located by '//a[contains(text(),'Make a Transaction')]' not found
	at com.kms.katalon.core.webui.common.WebUiCommonHelper.findWebElement(WebUiCommonHelper.java:1368)
	at com.kms.katalon.core.webui.keyword.internal.WebUIAbstractKeyword.findWebElement(WebUIAbstractKeyword.groovy:27)
	at com.kms.katalon.core.webui.keyword.internal.WebUIAbstractKeyword.findWebElement(WebUIAbstractKeyword.groovy:26)
	at com.kms.katalon.core.webui.keyword.builtin.ClickKeyword$_click_closure1.doCall(ClickKeyword.groovy:67)
	at com.kms.katalon.core.webui.keyword.builtin.ClickKeyword$_click_closure1.call(ClickKeyword.groovy)
	at com.kms.katalon.core.webui.keyword.internal.WebUIKeywordMain.runKeyword(WebUIKeywordMain.groovy:20)
	... 19 more]]></system-err>
      </testcase>
      <testcase name="Test Cases/Front End/TC_VerifyAllLinks_007" time="0.085" classname="Test Cases/Front End/TC_VerifyAllLinks_007" status="PASSED">
         <system-out><![CDATA[2020-10-01 17:29:03 - [TEST_CASE][PASSED] - Test Cases/Front End/TC_VerifyAllLinks_007: null]]></system-out>
         <system-err><![CDATA[]]></system-err>
      </testcase>
      <system-out><![CDATA[2020-10-01 17:04:13 - [TEST_SUITE][INCOMPLETE] - SanityTest: null]]></system-out>
      <system-err><![CDATA[2020-10-01 17:04:13 - [TEST_SUITE][INCOMPLETE] - SanityTest: null]]></system-err>
   </testsuite>
</testsuites>
